0 0.0768648143270516 v=-49.999415962034 flag=2
0 0.461319176110797 v=-40.0000136540936 flag=3
0 1.51976439403405 v=20.0001106361853 flag=4
0 1.71433533660708 v=9.99988909760063 flag=5
0 1.91206148549018 v=-0.000110902399373246 flag=5
0 2.1186451451581 v=-10.00041769314 flag=5
0 2.33727196917052 v=-20.0016972642932 flag=5
0 2.56313099689649 v=-30.001634853129 flag=5
0 2.77814559145056 v=-40.001592412288 flag=5
0 2.95891910577484 v=-50.000708018518 flag=5
0 3.10950188269926 v=-60.0010249392651 flag=5
0 3.27435556044399 v=-70.0217469837786 flag=5
1 0.0508410979048256 v=-49.999388365123 flag=2
1 0.0856048115023944 v=-39.9996119401855 flag=3
1 1.13862957147099 v=20.0024827113412 flag=4
1 1.33637226824915 v=10.002414533418 flag=5
1 1.53676157493118 v=0.00239919271480304 flag=5
1 1.74628084020566 v=-9.9976008072852 flag=5
1 1.96724624362176 v=-19.997698262127 flag=5
1 2.19457002435926 v=-29.997698262127 flag=5
1 2.40992107562733 v=-39.996931912896 flag=5
1 2.59003828607298 v=-49.9963543860397 flag=5
1 2.73941104006828 v=-59.9964297770196 flag=5
1 2.90217112648501 v=-69.9995002495707 flag=5
2 0.0380029048022352 v=-49.9883419804763 flag=2
2 0.0638024860061835 v=-39.9993093965922 flag=3
2 1.07107007643457 v=20.0016253630392 flag=4
2 1.27205359214163 v=10.0016238790664 flag=5
2 1.47543147853504 v=0.00122353400846646 flag=5
2 1.68759084262039 v=-9.99927541090118 flag=5
2 1.91069148724747 v=-20.0000687345003 flag=5
2 2.13943921832484 v=-29.999786436368 flag=5
2 2.35493961107988 v=-39.9993928402645 flag=5
2 2.5343545514802 v=-49.9905887728129 flag=5
2 2.68283125490589 v=-59.9906862871695 flag=5
2 2.84411041426142 v=-69.9951342346817 flag=5
