condition order 2
cvode
fixed step
0 0.0768648143270516 v=-49.999415962034 flag=2
0 0.0853033911164837 v=-48.3904115786086 flag=2
0 0.1 v=-45.7673887438268 flag=2
0 0.461319176110797 v=-40.0000136540936 flag=3
0 0.471140968297798 v=-39.4281386185256 flag=3
0 0.475 v=-39.7506070133055 flag=3
0 1.51976439403405 v=20.0001106361853 flag=4
0 1.52392582275511 v=19.7922614920106 flag=4
0 1.55 v=19.7283617300447 flag=4
0 1.71433533660708 v=9.99988909760063 flag=5
0 1.72103116067071 v=9.66128920342853 flag=5
0 1.75 v=9.38671428903353 flag=5
0 1.91206148549018 v=-0.000110902399373246 flag=5
0 1.92291446936915 v=-0.533964431740563 flag=5
0 1.95 v=-0.782012370506103 flag=5
0 2.1186451451581 v=-10.00041769314 flag=5
0 2.13163097945963 v=-10.5639974667587 flag=5
0 2.175 v=-11.6421270749408 flag=6
0 2.33727196917052 v=-20.0016972642932 flag=5
0 2.3521899783313 v=-20.6167147895249 flag=6
0 2.4 v=-21.868725067884 flag=6
0 2.56313099689649 v=-30.001634853129 flag=5
0 2.58482142328836 v=-30.9127928461283 flag=6
0 2.65 v=-32.8986952513873 flag=6
0 2.77814559145056 v=-40.001592412288 flag=5
0 2.80839249419394 v=-41.4675327486966 flag=6
0 2.87500000000001 v=-43.6458028446718 flag=6
0 2.95891910577484 v=-50.000708018518 flag=5
0 2.98924564896826 v=-51.8218096556542 flag=6
0 3.05000000000001 v=-53.7812462782538 flag=6
0 3.10950188269926 v=-60.0010249392651 flag=5
0 3.1599655037266 v=-63.3370251568407 flag=6
0 3.22500000000001 v=-65.0850730335545 flag=6
0 3.27435556044399 v=-70.0217469837786 flag=5
0 3.38590475019653 v=-73.7672962882975 flag=6
0 3.55000000000002 v=-75.3111777555924 flag=6
1 0.0508410979048256 v=-49.999388365123 flag=2
1 0.052997086221837 v=-49.3713070186851 flag=2
1 0.075 v=-43.2119612192412 flag=2
1 0.0856048115023944 v=-39.9996119401855 flag=3
1 0.0878152901840891 v=-39.3654040062346 flag=3
1 0.1 v=-36.1460970983829 flag=3
1 1.13862957147099 v=20.0024827113412 flag=4
1 1.16419557622913 v=18.7221206101981 flag=4
1 1.175 v=18.9945002405171 flag=4
1 1.33637226824915 v=10.002414533418 flag=5
1 1.375 v=8.82183667866503 flag=5
1 1.39255924615268 v=7.16934157733559 flag=5
1 1.53676157493118 v=0.00239919271480304 flag=5
1 1.6 v=-2.37955052971677 flag=6
1 1.61886633926422 v=-3.97579757136019 flag=6
1 1.74628084020566 v=-9.9976008072852 flag=5
1 1.825 v=-12.9988694259723 flag=6
1 1.83590575660807 v=-14.111391791032 flag=6
1 1.96724624362176 v=-19.997698262127 flag=5
1 2.05 v=-23.0562457514914 flag=6
1 2.06266618487457 v=-24.1859751689158 flag=6
1 2.19457002435926 v=-29.997698262127 flag=5
1 2.3 v=-34.0441383308507 flag=6
1 2.30653251145909 v=-35.0100026080819 flag=6
1 2.40992107562733 v=-39.996931912896 flag=5
1 2.51372426202293 v=-45.4350306460662 flag=6
1 2.525 v=-45.0054043070114 flag=6
1 2.59003828607298 v=-49.9963543860397 flag=5
1 2.67545327113565 v=-55.5077829357509 flag=6
1 2.7 v=-55.486484686772 flag=6
1 2.73941104006828 v=-59.9964297770196 flag=5
1 2.82359807253634 v=-65.5805983205148 flag=6
1 2.87500000000001 v=-66.7205329719965 flag=6
1 2.90217112648501 v=-69.9995002495707 flag=5
1 3.1599655037266 v=-75.676496497248 flag=6
2 0.0380029048022352 v=-49.9883419804763 flag=2
2 0.05 v=-45.4873405029488 flag=2
2 0.0506083045229122 v=-45.085954544123 flag=2
2 0.0638024860061835 v=-39.9993093965922 flag=3
2 0.0650946570044665 v=-39.4985267498927 flag=3
2 0.075 v=-35.949815241062 flag=3
2 1.07107007643457 v=20.0016253630392 flag=4
2 1.08946589585739 v=19.0971602855388 flag=4
2 1.1 v=19.255071251398 flag=4
2 1.27205359214163 v=10.0016238790664 flag=5
2 1.30546258155177 v=8.34189445553232 flag=5
2 1.325 v=8.00855365858262 flag=5
2 1.47543147853504 v=0.00122353400846646 flag=5
2 1.51641568645424 v=-1.96584645336337 flag=5
2 1.55 v=-2.99093760297799 flag=5
2 1.68759084262039 v=-9.99927541090118 flag=5
2 1.74306245290927 v=-12.5316836097881 flag=6
2 1.775 v=-13.4461615199382 flag=6
2 1.91069148724747 v=-20.0000687345003 flag=5
2 1.98146392756846 v=-23.0925026042692 flag=6
2 2.025 v=-24.4792938117745 flag=6
2 2.13943921832484 v=-29.999786436368 flag=5
2 2.21023133811535 v=-33.1364223332064 flag=6
2 2.275 v=-35.4718887820081 flag=6
2 2.35493961107988 v=-39.9993928402645 flag=5
2 2.42587189255743 v=-43.6485437894382 flag=6
2 2.5 v=-46.7518707323474 flag=6
2 2.5343545514802 v=-49.9905887728129 flag=5
2 2.5931535437214 v=-53.7468197656324 flag=6
2 2.675 v=-57.6389663762326 flag=6
2 2.68283125490589 v=-59.9906862871695 flag=5
2 2.74672289739337 v=-64.3162715596248 flag=6
2 2.84411041426142 v=-69.9951342346817 flag=5
2 2.85000000000001 v=-68.555124169195 flag=6
2 2.98924564896826 v=-74.5089232574414 flag=6
