0 0.0853033911164837 v=-48.3904115786086 flag=2
0 0.471140968297798 v=-39.4281386185256 flag=3
0 1.52392582275511 v=19.7922614920106 flag=4
0 1.72103116067071 v=9.66128920342853 flag=5
0 1.92291446936915 v=-0.533964431740563 flag=5
0 2.13163097945963 v=-10.5639974667587 flag=5
0 2.3521899783313 v=-20.6167147895249 flag=6
0 2.58482142328836 v=-30.9127928461283 flag=6
0 2.80839249419394 v=-41.4675327486966 flag=6
0 2.98924564896826 v=-51.8218096556542 flag=6
0 3.1599655037266 v=-63.3370251568407 flag=6
0 3.38590475019653 v=-73.7672962882975 flag=6
1 0.052997086221837 v=-49.3713070186851 flag=2
1 0.0878152901840891 v=-39.3654040062346 flag=3
1 1.16419557622913 v=18.7221206101981 flag=4
1 1.39255924615268 v=7.16934157733559 flag=5
1 1.61886633926422 v=-3.97579757136019 flag=6
1 1.83590575660807 v=-14.111391791032 flag=6
1 2.06266618487457 v=-24.1859751689158 flag=6
1 2.30653251145909 v=-35.0100026080819 flag=6
1 2.51372426202293 v=-45.4350306460662 flag=6
1 2.67545327113565 v=-55.5077829357509 flag=6
1 2.82359807253634 v=-65.5805983205148 flag=6
1 3.1599655037266 v=-75.676496497248 flag=6
2 0.0506083045229122 v=-45.085954544123 flag=2
2 0.0650946570044665 v=-39.4985267498927 flag=3
2 1.08946589585739 v=19.0971602855388 flag=4
2 1.30546258155177 v=8.34189445553232 flag=5
2 1.51641568645424 v=-1.96584645336337 flag=5
2 1.74306245290927 v=-12.5316836097881 flag=6
2 1.98146392756846 v=-23.0925026042692 flag=6
2 2.21023133811535 v=-33.1364223332064 flag=6
2 2.42587189255743 v=-43.6485437894382 flag=6
2 2.5931535437214 v=-53.7468197656324 flag=6
2 2.74672289739337 v=-64.3162715596248 flag=6
2 2.98924564896826 v=-74.5089232574414 flag=6
