0 0.1 v=-45.7673887438268 flag=2
0 0.475 v=-39.7506070133055 flag=3
0 1.55 v=19.7283617300447 flag=4
0 1.75 v=9.38671428903353 flag=5
0 1.95 v=-0.782012370506103 flag=5
0 2.175 v=-11.6421270749408 flag=6
0 2.4 v=-21.868725067884 flag=6
0 2.65 v=-32.8986952513873 flag=6
0 2.87500000000001 v=-43.6458028446718 flag=6
0 3.05000000000001 v=-53.7812462782538 flag=6
0 3.22500000000001 v=-65.0850730335545 flag=6
0 3.55000000000002 v=-75.3111777555924 flag=6
1 0.075 v=-43.2119612192412 flag=2
1 0.1 v=-36.1460970983829 flag=3
1 1.175 v=18.9945002405171 flag=4
1 1.375 v=8.82183667866503 flag=5
1 1.6 v=-2.37955052971677 flag=6
1 1.825 v=-12.9988694259723 flag=6
1 2.05 v=-23.0562457514914 flag=6
1 2.3 v=-34.0441383308507 flag=6
1 2.525 v=-45.0054043070114 flag=6
1 2.7 v=-55.486484686772 flag=6
1 2.87500000000001 v=-66.7205329719965 flag=6
2 0.05 v=-45.4873405029488 flag=2
2 0.075 v=-35.949815241062 flag=3
2 1.1 v=19.255071251398 flag=4
2 1.325 v=8.00855365858262 flag=5
2 1.55 v=-2.99093760297799 flag=5
2 1.775 v=-13.4461615199382 flag=6
2 2.025 v=-24.4792938117745 flag=6
2 2.275 v=-35.4718887820081 flag=6
2 2.5 v=-46.7518707323474 flag=6
2 2.675 v=-57.6389663762326 flag=6
2 2.85000000000001 v=-68.555124169195 flag=6
