fixed step

Cell[0]
0 -65
0.025 -60.0825017480794
0.05 -55.242531727909
0.075 -50.4738989817903
0.1 -45.767388743827
0.125 -46.0170435633568
0.15 -46.2112905270636
0.175 -46.3397101630402
0.2 -46.3931871506232
0.225 -46.3637733046915
0.25 -46.2443857520494
0.275 -46.0284058650927
0.3 -45.7092303160734
0.325 -45.2795701936002
0.35 -44.731069016991
0.375 -44.0536273140732
0.4 -43.2347728235853
0.425 -42.2587162558417
0.45 -41.1056322864435
0.475 -39.750607013306
0.5 -38.1623173898998
0.525 -36.3017435587077
0.55 -34.1206487501029
0.575 -31.560261200249
0.6 -28.5506176749674
0.625 -25.0115152562465
0.65 -20.8570049024928
0.675 -16.0074197753332
0.7 -10.411889562549
0.724999999999999 -4.08688485124208
0.749999999999999 2.83589694985638
0.774999999999999 10.0701546377003
0.799999999999999 17.1853090888137
0.824999999999999 23.6929393118044
0.849999999999999 29.1861222499083
0.874999999999999 33.4535892803177
0.899999999999999 36.503450815201
0.924999999999999 38.5010510676305
0.949999999999999 39.6765313520626
0.974999999999999 40.2525343406779
0.999999999999998 40.4086013364473
1.025 40.2742752699281
1.05 39.9366532869469
1.075 39.4518921793002
1.1 38.8555553665541
1.125 38.1702528858878
1.15 37.4107448538897
1.175 36.5871308206032
1.2 35.7067647039076
1.225 34.7753832429662
1.25 33.7977578739026
1.275 32.7780669754961
1.3 31.7201062000639
1.325 30.6274057073122
1.35 29.503294113104
1.375 28.3509321259757
1.4 27.1733291598343
1.425 25.973350644792
1.45 24.7537216922758
1.475 23.5170333440439
1.5 22.2657323706835
1.525 21.0021217958249
1.55 19.7283617300466
1.575 18.4464738769254
1.6 17.1583394101399
1.625 15.8657019795395
1.65 14.570168566293
1.675 13.2732127892421
1.7 11.9761863313372
1.725 10.6803210730082
1.75 9.38671428903107
1.775 8.09636470761779
1.8 6.81017346065132
1.825 5.52892039777348
1.85 4.25329199856471
1.875 2.9839025498021
1.9 1.72128977982174
1.925 0.465862314677619
1.95 -0.782012370507652
1.97499999999999 -2.02201629537289
1.99999999999999 -3.25389140549075
2.025 -4.4775060068171
2.05 -5.69274361360124
2.075 -6.89951671842963
2.1 -8.0977737793097
2.125 -9.2875535443457
2.15 -10.4689661448511
2.175 -11.6421270749415
2.2 -12.8071735192984
2.225 -13.9642744953099
2.25 -15.1136377606654
2.275 -16.2556025185319
2.3 -17.3905457441274
2.325 -18.5188642088049
2.35 -19.6409946210408
2.375 -20.7574286127171
2.4 -21.8687250678811
2.425 -22.9755212462018
2.45 -24.0785435244475
2.475 -25.1787009505815
2.5 -26.2770039431734
2.525 -27.3745540353643
2.55 -28.4725686840355
2.575 -29.572400962746
2.6 -30.675555918862
2.625 -31.7837044849698
2.65 -32.8986952513889
2.675 -34.0225639909331
2.7 -35.1575616025346
2.725 -36.3062250722404
2.75000000000001 -37.4712401483788
2.77500000000001 -38.6554492490461
2.80000000000001 -39.8618442665277
2.82500000000001 -41.0935441706199
2.85000000000001 -42.35377919746
2.87500000000001 -43.6458028446727
2.90000000000001 -44.9727475519125
2.92500000000001 -46.3375202307359
2.95000000000001 -47.7424969659778
2.97500000000001 -49.1894218439976
3.00000000000001 -50.6789945011286
3.02500000000001 -52.2104556427861
3.05000000000001 -53.7812462782565
3.07500000000001 -55.3864313114454
3.10000000000001 -57.0182164395636
3.12500000000001 -58.6658851993751
3.15000000000001 -60.3149775568943
3.17500000000001 -61.9480966112961
3.20000000000001 -63.54535897277
3.22500000000001 -65.0850730335564
3.25000000000001 -66.5459026112697
3.27500000000001 -67.9081316038799
3.30000000000001 -69.1559086083748
3.32500000000001 -70.2783077634816
3.35000000000001 -71.2702111050807
3.37500000000001 -72.1322646563865
3.40000000000001 -72.8700883815254
3.42500000000001 -73.4930228441076
3.45000000000002 -74.0127577009306
3.47500000000002 -74.4420731895278
3.50000000000002 -74.7937305453842
3.52500000000002 -75.0797959410136
3.55000000000002 -75.3111777555928
3.57500000000002 -75.4974260032937
3.60000000000002 -75.6467105151274
3.62500000000002 -75.7658925542762
3.65000000000002 -75.8606560447003
3.67500000000002 -75.9356622711616
3.70000000000002 -75.9947058683991
3.72500000000002 -76.0408598340501
3.75000000000002 -76.0766036895914
3.77500000000002 -76.1039337089501
3.80000000000002 -76.1244549194064
3.82500000000002 -76.1394570071907
3.85000000000002 -76.1499762678192
3.87500000000002 -76.1568457658433
3.90000000000002 -76.1607357246461
3.92500000000002 -76.1621859285616
3.95000000000002 -76.1616316552074
3.97500000000002 -76.1594244013179
4.00000000000002 -76.1558484371596
4.02500000000002 -76.1511340285168
4.05000000000002 -76.1454680012294
4.07500000000002 -76.139002188536
4.10000000000002 -76.1318601921597
4.12500000000002 -76.1241428001223
4.15000000000003 -76.1159323339301
4.17500000000003 -76.107296141733
4.20000000000003 -76.0982894095313
4.22500000000003 -76.0889574271767
4.25000000000003 -76.0793374179175
4.27500000000003 -76.0694600180418
4.30000000000003 -76.0593504755912
4.32500000000003 -76.0490296231657
4.35000000000003 -76.038514668775
4.37500000000003 -76.0278198398987
4.40000000000003 -76.0169569089242
4.42500000000003 -76.0059356225667
4.45000000000003 -75.9947640534359
4.47500000000003 -75.9834488836612
4.50000000000003 -75.9719956426002
4.52500000000003 -75.960408908714
4.55000000000003 -75.9486924695717
4.57500000000003 -75.9368494540332
4.60000000000003 -75.9248824416351
4.62500000000003 -75.9127935532668
4.65000000000003 -75.9005845264638
4.67500000000003 -75.8882567780342
4.70000000000003 -75.8758114562377
4.72500000000003 -75.8632494843324
4.75000000000003 -75.8505715969793
4.77500000000003 -75.8377783707261
4.80000000000003 -75.8248702495768
4.82500000000003 -75.811847566475
4.85000000000004 -75.7987105613835
4.87500000000004 -75.7854593965268
4.90000000000004 -75.7720941692617
4.92500000000004 -75.7586149229645
4.95000000000004 -75.7450216562567
4.97500000000004 -75.7313143308351
5.00000000000004 -75.717492878131

Cell[1]
0 -65
0.025 -57.6241253575728
0.05 -50.3648250629389
0.075 -43.2119612192414
0.1 -36.1460970983831
0.125 -29.1257643300389
0.15 -22.068597132721
0.175 -14.8322255417868
0.2 -7.21241997269584
0.225 -6.03187930820201
0.25 -3.56127368378172
0.275 0.285432906146163
0.3 5.41375841284436
0.325 11.5154205954636
0.35 18.0737412828015
0.375 24.4518685841083
0.4 30.0615302481034
0.425 34.5304455143882
0.45 37.7662382600898
0.475 39.8979005748803
0.5 41.1599305716819
0.525 41.793782338102
0.55 41.996553516975
0.575 41.908949823701
0.6 41.6233374880495
0.625 41.1973647635641
0.65 40.6661541835069
0.675 40.0511194899272
0.7 39.3656528219907
0.724999999999999 38.6185793062808
0.749999999999999 37.8161417550588
0.774999999999999 36.9631346654199
0.799999999999999 36.0635369333491
0.824999999999999 35.1208645055962
0.849999999999999 34.138355754487
0.874999999999999 33.1190717181608
0.899999999999999 32.0659493509317
0.924999999999999 30.9818267221447
0.949999999999999 29.869453718282
0.974999999999999 28.7314970556906
0.999999999999998 27.5705317201944
1.025 26.3890364069733
1.05 25.1893884192155
1.075 23.9738589092149
1.1 22.7446098139415
1.125 21.5036953263735
1.15 20.2530523116858
1.175 18.9945002405175
1.2 17.7297418864841
1.225 16.4603627757344
1.25 15.1878359428599
1.275 13.9135239189403
1.3 12.6386775912874
1.325 11.3644343653687
1.35 10.0918373400203
1.375 8.82183667866484
1.4 7.55527192220167
1.425 6.29289354650766
1.45 5.03538010195716
1.475 3.78333780491831
1.5 2.53725743527332
1.525 1.29757439468158
1.55 0.0646743427731309
1.575 -1.16110982918761
1.6 -2.37955052971774
1.625 -3.59047001676175
1.65 -4.79371710586949
1.675 -5.98917522722941
1.7 -7.17676606284238
1.725 -8.35653989850263
1.75 -9.5285525582861
1.775 -10.6928748536072
1.8 -11.8496037898179
1.825 -12.9988694259758
1.85 -14.1408395794645
1.875 -15.275829593963
1.9 -16.4041535167491
1.925 -17.5261471058984
1.95 -18.6421844606579
1.97499999999999 -19.7526904777998
1.99999999999999 -20.858151284065
2.025 -21.9591238874301
2.05 -23.0562457514908
2.075 -24.1503041995695
2.1 -25.2422043509452
2.125 -26.3329299098922
2.15 -27.423568669015
2.175 -28.5153327447842
2.2 -29.6095756026786
2.225 -30.707806948884
2.25 -31.8117059448106
2.275 -32.9231327812191
2.3 -34.044138330852
2.325 -35.17701389275
2.35 -36.3243118655046
2.375 -37.4887417691744
2.4 -38.6731774595097
2.425 -39.8806494870814
2.45 -41.114322307283
2.475 -42.3774853044218
2.5 -43.6734486279209
2.525 -45.0054043070091
2.55 -46.3763174384539
2.575 -47.788607820932
2.6 -49.2440647638876
2.625 -50.7433612505238
2.65 -52.285731104764
2.675 -53.8684571458394
2.7 -55.4864846867707
2.725 -57.1316461804367
2.75000000000001 -58.7927412960544
2.77500000000001 -60.4549140448758
2.80000000000001 -62.1000203405789
2.82500000000001 -63.707482249813
2.85000000000001 -65.2549880869254
2.87500000000001 -66.7205329719954
2.90000000000001 -68.0841607045841
2.92500000000001 -69.3299079181344
2.95000000000001 -70.4470341324565
2.97500000000001 -71.4309298724501
3.00000000000001 -72.2828954520102
3.02500000000001 -73.0092666844698
3.05000000000001 -73.6200993848525
3.07500000000001 -74.1276573586457
3.10000000000001 -74.5451754304313
3.12500000000001 -74.8857455837854
3.15000000000001 -75.1616323668576
3.17500000000001 -75.3838362415704
3.20000000000001 -75.5619296239684
3.22500000000001 -75.7040518108933
3.25000000000001 -75.8170009556973
3.27500000000001 -75.9063803022978
3.30000000000001 -75.9767633471591
3.32500000000001 -76.0318567220734
3.35000000000001 -76.0746493068204
3.37500000000001 -76.1075431689468
3.40000000000001 -76.1324646208651
3.42500000000001 -76.1509565098291
3.45000000000002 -76.1642539352568
3.47500000000002 -76.1733457122924
3.50000000000002 -76.179023894681
3.52500000000002 -76.1819234722807
3.55000000000002 -76.1825540835396
3.57500000000002 -76.1813252944174
3.60000000000002 -76.1785667246705
3.62500000000002 -76.1745440640488
3.65000000000002 -76.1694718186045
3.67500000000002 -76.1635234596268
3.70000000000002 -76.1568395109933
3.72500000000002 -76.1495340004851
3.75000000000002 -76.1416996124009
3.77500000000002 -76.133411808598
3.80000000000002 -76.1247321294054
3.82500000000002 -76.1157108417911
3.85000000000002 -76.106389067351
3.87500000000002 -76.0968004951879
3.90000000000002 -76.0869727630381
3.92500000000002 -76.0769285728528
3.95000000000002 -76.0666865934891
3.97500000000002 -76.056262192441
4.00000000000002 -76.0456680300549
4.02500000000002 -76.03491454294
4.05000000000002 -76.0240103379452
4.07500000000002 -76.0129625138255
4.10000000000002 -76.0017769243424
4.12500000000002 -75.9904583938453
4.15000000000003 -75.9790108852953
4.17500000000003 -75.9674376559952
4.20000000000003 -75.9557413790195
4.22500000000003 -75.9439242414533
4.25000000000003 -75.9319880256397
4.27500000000003 -75.9199341764934
4.30000000000003 -75.9077638573653
4.32500000000003 -75.8954779964868
4.35000000000003 -75.8830773256485
4.37500000000003 -75.870562412468
4.40000000000003 -75.8579336873545
4.42500000000003 -75.8451914660829
4.45000000000003 -75.8323359687226
4.47500000000003 -75.8193673355389
4.50000000000003 -75.8062856403745
4.52500000000003 -75.7930909019292
4.55000000000003 -75.7797830932864
4.57500000000003 -75.7663621499715
4.60000000000003 -75.7528279767831
4.62500000000003 -75.7391804535935
4.65000000000003 -75.7254194402827
4.67500000000003 -75.7115447809453
4.70000000000003 -75.6975563074835
4.72500000000003 -75.6834538426818
4.75000000000003 -75.6692372028446
4.77500000000003 -75.6549062000638
4.80000000000003 -75.6404606441714
4.82500000000003 -75.6259003444266
4.85000000000004 -75.6112251109761
4.87500000000004 -75.5964347561207
4.90000000000004 -75.5815290954184
4.92500000000004 -75.5665079486462
4.95000000000004 -75.5513711406419
4.97500000000004 -75.5361185020422
5.00000000000004 -75.5207498699333

Cell[2]
0 -65
0.025 -55.1657489670661
0.05 -45.4873405029492
0.075 -35.9498152410623
0.1 -26.5174545894204
0.125 -17.1053217580384
0.15 -7.55017832053771
0.175 2.37394435032052
0.2 12.8269131391379
0.225 23.6408539222071
0.25 34.0890810334382
0.275 43.029876995317
0.3 49.5169540161657
0.325 47.045198268576
0.35 45.5004024408626
0.375 44.5906557339897
0.4 44.0363567553159
0.425 43.6393041026982
0.45 43.2816991822081
0.475 42.9024172942977
0.5 42.4738260219891
0.525 41.9858174409425
0.55 41.4365427178743
0.575 40.8276470733931
0.6 40.1620194928524
0.625 39.4428568542874
0.65 38.6733192400059
0.675 37.8564312540131
0.7 36.9950860987693
0.724999999999999 36.0920735515174
0.749999999999999 35.1501117761212
0.774999999999999 34.171856246252
0.799999999999999 33.1599101173437
0.824999999999999 32.1168272807242
0.849999999999999 31.0451102308278
0.874999999999999 29.9472048397737
0.899999999999999 28.8254964083847
0.924999999999999 27.6823019002439
0.949999999999999 26.5198594262122
0.974999999999999 25.3403221567794
0.999999999999998 24.1457530219097
1.025 22.9381204199638
1.05 21.7192966108086
1.075 20.491056261648
1.1 19.2550712513999
1.125 18.0129108734439
1.15 16.7660427336524
1.175 15.5158294664936
1.2 14.2635371119776
1.225 13.0103369245807
1.25 11.7573076321506
1.275 10.5054194365024
1.3 9.25556368993932
1.325 8.00855365857838
1.35 6.76512594498063
1.375 5.52590627350408
1.4 4.29146469991564
1.425 3.06231333968048
1.45 1.83890544510427
1.475 0.621594511183571
1.5 -0.589319590579626
1.525 -1.79357180926578
1.55 -2.99093760298161
1.575 -4.18123487808588
1.6 -5.36440056665417
1.625 -6.5403823296919
1.65 -7.70914738860847
1.675 -8.87069103771498
1.7 -10.0250412096464
1.725 -11.1722767383604
1.75 -12.3125876019043
1.775 -13.4461615199355
1.8 -14.573203754095
1.825 -15.6939497792687
1.85 -16.8086742571498
1.875 -17.9176982891019
1.9 -19.0213960928621
1.925 -20.1202223010045
1.95 -21.2147672336376
1.97499999999999 -22.3056563947968
1.99999999999999 -23.3935762498816
2.025 -24.4792938117789
2.05 -25.5636729004411
2.075 -26.647688688235
2.1 -27.7324413972299
2.125 -28.8191695587662
2.15 -29.909262954214
2.175 -31.0042751531467
2.2 -32.1059401700794
2.225 -33.2162823516088
2.25 -34.3374800823427
2.275 -35.4718887820062
2.3 -36.6220534541361
2.325 -37.7907120716009
2.35 -38.9807896103283
2.375 -40.1953813869567
2.4 -41.4378076176953
2.425 -42.711424771767
2.45 -44.0195593494261
2.475 -45.3654188944313
2.5 -46.7518707323449
2.525 -48.181308058805
2.55 -49.6552884035885
2.575 -51.1741478560323
2.6 -52.7366859187775
2.625 -54.3395036267472
2.65 -55.9765776583721
2.675 -57.6389663762343
2.7 -59.3138609031042
2.725 -60.9851495677611
2.75000000000001 -62.6335905097956
2.77500000000001 -64.2371105133056
2.80000000000001 -65.7728555343238
2.82500000000001 -67.218659765302
2.85000000000001 -68.5551241691955
2.87500000000001 -69.7674150715743
2.90000000000001 -70.8466349952523
2.92500000000001 -71.7901584320839
2.95000000000001 -72.6012141946359
2.97500000000001 -73.2878133412427
3.00000000000001 -73.8612972380502
3.02500000000001 -74.3348111694507
3.05000000000001 -74.7219989424571
3.07500000000001 -75.0360607168379
3.10000000000001 -75.2891215854122
3.12500000000001 -75.4918953044024
3.15000000000001 -75.6535983125833
3.17500000000001 -75.7819882134211
3.20000000000001 -75.8834900778575
3.22500000000001 -75.9633620715958
3.25000000000001 -76.0258698066639
3.27500000000001 -76.0744517641013
3.30000000000001 -76.1118675742045
3.32500000000001 -76.1403256648634
3.35000000000001 -76.161590084988
3.37500000000001 -76.1770685796111
3.40000000000001 -76.1878842618599
3.42500000000001 -76.1949334021338
3.45000000000002 -76.1989317254931
3.47500000000002 -76.2004513404888
3.50000000000002 -76.1999501110065
3.52500000000002 -76.1977949772113
3.55000000000002 -76.1942804559892
3.57500000000002 -76.1896433140175
3.60000000000002 -76.1840742084226
3.62500000000002 -76.1777269277051
3.65000000000002 -76.1707257345138
3.67500000000002 -76.1631712069223
3.70000000000002 -76.1551448914162
3.72500000000002 -76.1467130147327
3.75000000000002 -76.1379294495318
3.77500000000002 -76.1288380877722
3.80000000000002 -76.1194747433022
3.82500000000002 -76.1098686797012
3.85000000000002 -76.1000438393601
3.87500000000002 -76.0900198339959
3.90000000000002 -76.0798127443558
3.92500000000002 -76.0694357670443
3.95000000000002 -76.0588997386585
3.97500000000002 -76.0482135612826
4.00000000000002 -76.0373845485414
4.02500000000002 -76.0264187075589
4.05000000000002 -76.0153209691169
4.07500000000002 -76.0040953758701
4.10000000000002 -75.9927452365447
4.12500000000002 -75.981273245489
4.15000000000003 -75.9696815920161
4.17500000000003 -75.9579720509434
4.20000000000003 -75.9461460525763
4.22500000000003 -75.9342047405993
4.25000000000003 -75.9221490200502
4.27500000000003 -75.9099795971458
4.30000000000003 -75.8976970124024
4.32500000000003 -75.8853016682277
4.35000000000003 -75.8727938519497
4.37500000000003 -75.8601737550694
4.40000000000003 -75.8474414893867
4.42500000000003 -75.8345971005316
4.45000000000003 -75.8216405793378
4.47500000000003 -75.8085718714216
4.50000000000003 -75.7953908852639
4.52500000000003 -75.7820974990414
4.55000000000003 -75.7686915664135
4.57500000000003 -75.755172921432
4.60000000000003 -75.7415413827172
4.62500000000003 -75.7277967570159
4.65000000000003 -75.7139388422399
4.67500000000003 -75.6999674300666
4.70000000000003 -75.6858823081703
4.72500000000003 -75.6716832621399
4.75000000000003 -75.6573700771333
4.77500000000003 -75.6429425393062
4.80000000000003 -75.6284004370511
4.82500000000003 -75.6137435620733
4.85000000000004 -75.5989717103294
4.87500000000004 -75.5840846828472
4.90000000000004 -75.5690822864452
4.92500000000004 -75.553964334365
4.95000000000004 -75.5387306468304
4.97500000000004 -75.5233810515419
5.00000000000004 -75.5079153841163
cvode

Cell[0]
0 -65
0.00217825830046941 -64.5649206425794
0.00435651660093882 -64.1304787591576
0.0100349786868382 -63.0007756360179
0.0157134407727377 -61.8748259008705
0.0213919028586371 -60.752876350807
0.0303139359362002 -58.9982137439349
0.0506083045252393 -55.0425192517343
0.0709026731142783 -51.1334013092894
0.0801386378264128 -49.3689722308378
0.0893746025385472 -47.6126433337979
0.0986105672506816 -45.8635464990439
0.0999999999999978 -45.6010279945274
0.100000000000001 -45.6010279945274
0.100003083123931 -45.6010622598869
0.10341153899474 -45.638098330617
0.109872600490973 -45.7061382546912
0.116333661987207 -45.7711930313515
0.122794723483441 -45.8328376857362
0.129255784979675 -45.8907922283068
0.135716846475908 -45.9448317350376
0.142177907972142 -45.9947532431436
0.148638969468376 -46.0403698189727
0.15510003096461 -46.0814985085208
0.161561092460844 -46.1179637273181
0.17210010662861 -46.1669917769277
0.182639120796376 -46.2025039274398
0.193178134964142 -46.2238331707588
0.199999999999996 -46.2297664980173
0.200000000000002 -46.2297664980173
0.200915489565102 -46.2300223845051
0.201830979130201 -46.2301625982949
0.203614675268398 -46.2301424234126
0.205398371406596 -46.2297284269523
0.207182067544793 -46.2288856535514
0.210196121959659 -46.2264462040908
0.213210176374525 -46.2227190371509
0.217829989526315 -46.2144705580161
0.222449802678105 -46.2031119365467
0.227069615829895 -46.1885947104909
0.231689428981684 -46.170871420498
0.236309242133474 -46.1498961723648
0.243247155782772 -46.1121890264294
0.250185069432069 -46.0668955534816
0.257122983081367 -46.0138652181181
0.264060896730665 -45.9529473175606
0.270998810379962 -45.8839867950733
0.27793672402926 -45.8068259296626
0.284874637678558 -45.721303933812
0.291812551327855 -45.6272555424475
0.298750464977153 -45.5245100643958
0.299999999999993 -45.5050678232802
0.300000000000003 -45.5050678232802
0.300672473302994 -45.4944430778667
0.301344946605985 -45.4837344346383
0.302836995845101 -45.4596984847709
0.304329045084217 -45.4352929670352
0.305821094323333 -45.4104855481664
0.308217722498466 -45.3697649337374
0.3121747575256 -45.3001442931379
0.316131792552735 -45.2275205097115
0.320088827579869 -45.1518564531879
0.324045862607004 -45.0731136246335
0.328002897634138 -44.9912531016227
0.334071220636358 -44.8595650510203
0.340139543638578 -44.7203055209592
0.346207866640797 -44.5733107243096
0.352276189643017 -44.4184070949792
0.362168096279409 -44.1484726594934
0.372060002915801 -43.8562118825631
0.381951909552194 -43.5407267316651
0.391843816188586 -43.2010189757866
0.401735722824978 -42.8360027720879
0.41162762946137 -42.4444840991313
0.421519536097762 -42.0251381881361
0.431411442734154 -41.5765409583019
0.441303349370547 -41.0970863267185
0.451195256006939 -40.5850456247372
0.461087162643331 -40.0384946408567
0.470979069279723 -39.4553480234419
0.480870975916115 -38.833287901935
0.490762882552507 -38.1697992436088
0.5006547891889 -37.4621160738028
0.510546695825292 -36.7072124529315
0.526845862457558 -35.3513439880888
0.543145029089824 -33.841622583757
0.55944419572209 -32.1591922906903
0.575743362354356 -30.2824010957897
0.592042528986622 -28.1869173802082
0.608341695618888 -25.8459747158508
0.624640862251154 -23.2309358668934
0.64094002888342 -20.3124040315615
0.657239195515686 -17.0622778794479
0.673538362147952 -13.4571107346388
0.689837528780218 -9.48374172919368
0.706136695412484 -5.1460932144677
0.72243586204475 -0.474043529746195
0.738735028677016 4.46739449741107
0.755034195309283 9.57218883117401
0.771333361941549 14.6938077091439
0.788356245047347 19.8706151772573
0.805379128153145 24.6656844059014
0.822402011258944 28.895220562167
0.839424894364742 32.4361973684851
0.85644777747054 35.2452404216321
0.873470660576339 37.3543188562509
0.890493543682137 38.8492404987566
0.907516426787935 39.8416825814022
0.924539309893734 40.4446289817728
0.941562192999532 40.7568197573335
0.958585076105331 40.8565746270782
0.975607959211129 40.8020738918994
1.00699878288441 40.4303191995094
1.02635718044788 40.0755102354589
1.04571557801136 39.6515175188683
1.06507397557483 39.1724797465537
1.09506050666172 38.3411588194909
1.1250470377486 37.415609837164
1.15503356883548 36.4051890175023
1.18502009992236 35.3197040736969
1.2353730637017 33.3508041537114
1.28572602748104 31.2308534481988
1.33607899126038 28.9728357131461
1.38643195503972 26.6069559392205
1.43678491881906 24.164345653764
1.48713788259839 21.6564196799377
1.53749084637773 19.1047744845362
1.58784381015707 16.5250103153409
1.63819677393641 13.9299379932926
1.68854973771575 11.3315598912142
1.73890270149509 8.7397260975765
1.78925566527443 6.16227975923204
1.83960862905377 3.60542074082773
1.88996159283311 1.07380986354523
1.94031455661245 -1.42897102916406
1.99066752039179 -3.90079868237467
2.04102048417113 -6.34010769444053
2.09137344795046 -8.74665394598633
2.1417264117298 -11.1205856389455
2.19207937550914 -13.4628481064548
2.24243233928848 -15.7755816320656
2.29278530306782 -18.0609060080552
2.34313826684716 -20.3225944831568
2.3934912306265 -22.5648931824698
2.44337748384937 -24.7735523196215
2.49326373707223 -26.9761125354146
2.5431499902951 -29.1820651361054
2.59303624351797 -31.4049265447722
2.62124962298993 -32.6748414081503
2.64946300246189 -33.9575692228626
2.67767638193386 -35.2565335344729
2.70588976140582 -36.5759907417679
2.73410314087779 -37.9201795684476
2.76231652034975 -39.2936094063068
2.79052989982172 -40.7013507044357
2.81874327929368 -42.1485928978584
2.84695665876565 -43.6405978273056
2.87517003823761 -45.1825295654408
2.90338341770958 -46.779107495349
2.93159679718154 -48.4341820127492
2.9598101766535 -50.1500656390526
2.98802355612547 -51.9271124109364
3.01623693559743 -53.7623207366496
3.0444503150694 -55.6482706044961
3.07266369454136 -57.5723543181159
3.10087707401333 -59.5158511349601
3.12909045348529 -61.4535923036667
3.15730383295726 -63.3545416681731
3.18551721242922 -65.1827062004523
3.21373059190119 -66.9037425510771
3.24194397137315 -68.4849993349103
3.27015735084511 -69.9007114808367
3.29837073031708 -71.135858336793
3.32658410978904 -72.1865254225148
3.35479748926101 -73.059535267086
3.38301086873297 -73.7700692951807
3.41122424820494 -74.3381569078321
3.4394376276769 -74.7856852547869
3.46765100714887 -75.1340376435416
3.51319246709667 -75.533977895155
3.55873392704447 -75.7905208231702
3.60427538699227 -75.9528708124516
3.64981684694007 -76.0541714387327
3.69535830688787 -76.1158165010465
3.74089976683567 -76.1514494049546
3.78644122678347 -76.1698267650939
3.83198268673127 -76.1766405483057
3.87752414667907 -76.1756297099492
3.92306560662687 -76.1692648686493
3.96860706657468 -76.1591836247734
4.0369463921858 -76.1391819121109
4.10528571779693 -76.1154775227268
4.17362504340806 -76.0894415812084
4.24196436901919 -76.0617386787662
4.34877473823069 -76.0157470331299
4.45558510744219 -75.9671808083279
4.5623954766537 -75.9164051079543
4.76727484471456 -75.813156669099
5 -75.6866394549219

Cell[1]
0 -65
0.00217825830046941 -64.3474140213258
0.00435651660093882 -63.6957843204418
0.0100349786868382 -62.0013166118355
0.0157134407727377 -60.3124816487111
0.0213919028586371 -58.6296508775937
0.0303139359362002 -55.9978146071055
0.0506083045252393 -50.06436071019
0.0709026731142783 -44.199122270989
0.0801386378264128 -41.5506859323022
0.0893746025385472 -38.9128857410812
0.0986105672506816 -36.2834194198375
0.0999999999999978 -35.8885299569758
0.100000000000001 -35.8885299569758
0.100003083123931 -35.8876538689129
0.10341153899474 -34.9197229558964
0.109872600490973 -33.0860434814448
0.116333661987207 -31.2524428569438
0.122794723483441 -29.4175491392967
0.129255784979675 -27.5796065005701
0.135716846475908 -25.7364901056307
0.142177907972142 -23.8857026482481
0.148638969468376 -22.024411087857
0.15510003096461 -20.1494033541566
0.161561092460844 -18.2571101805776
0.17210010662861 -15.1228979759775
0.182639120796376 -11.9144987607889
0.193178134964142 -8.61163623597623
0.199999999999996 -6.41353223622809
0.200000000000002 -6.41353223622809
0.200915489565102 -6.38817202938233
0.201830979130201 -6.36127022927406
0.203614675268398 -6.3049100953902
0.205398371406596 -6.24319610578255
0.207182067544793 -6.1755913731443
0.210196121959659 -6.04716682498497
0.213210176374525 -5.90051619158692
0.217829989526315 -5.63918709165845
0.222449802678105 -5.33225617942283
0.227069615829895 -4.97816154395788
0.231689428981684 -4.57549029948896
0.236309242133474 -4.12306221629859
0.243247155782772 -3.34813054523109
0.250185069432069 -2.45642790384964
0.257122983081367 -1.44656904065625
0.264060896730665 -0.31842121403373
0.270998810379962 0.926772251885843
0.27793672402926 2.28636911114833
0.284874637678558 3.75609109974553
0.291812551327855 5.32997276337831
0.298750464977153 7.00021886521844
0.299999999999993 7.31063989430876
0.300000000000003 7.31063989430876
0.300672473302994 7.47924343498701
0.301344946605985 7.64862824707785
0.302836995845101 8.02696445333817
0.304329045084217 8.40857844692941
0.305821094323333 8.79364547277625
0.308217722498466 9.41927035818982
0.3121747575256 10.4700488612501
0.316131792552735 11.5411524662771
0.320088827579869 12.6300202671809
0.324045862607004 13.7338313327048
0.328002897634138 14.8495897914421
0.334071220636358 16.5766782532086
0.340139543638578 18.3134069172375
0.346207866640797 20.0473920800274
0.352276189643017 21.7658708209973
0.362168096279409 24.5019682937523
0.372060002915801 27.1134998297623
0.381951909552194 29.5558417041949
0.391843816188586 31.7930601759935
0.401735722824978 33.7996601117338
0.41162762946137 35.5616746426426
0.421519536097762 37.0764050545408
0.431411442734154 38.3510547858853
0.441303349370547 39.4006671229224
0.451195256006939 40.2457567932111
0.461087162643331 40.9099108808012
0.470979069279723 41.4176690708079
0.480870975916115 41.7928549347487
0.490762882552507 42.0574285597921
0.5006547891889 42.2308126446967
0.510546695825292 42.3296216912151
0.526845862457558 42.364680985705
0.543145029089824 42.2814260252616
0.55944419572209 42.1129343771473
0.575743362354356 41.8798890296073
0.592042528986622 41.5954549134848
0.608341695618888 41.2687303807904
0.624640862251154 40.9061820530045
0.64094002888342 40.512229189025
0.657239195515686 40.0898174847744
0.673538362147952 39.641016154631
0.689837528780218 39.167458368749
0.706136695412484 38.6705293775201
0.72243586204475 38.1514377746746
0.738735028677016 37.6112477381555
0.755034195309283 37.0509307328208
0.771333361941549 36.471394666876
0.788356245047347 35.8465686382937
0.805379128153145 35.202711669413
0.822402011258944 34.5407508275357
0.839424894364742 33.8616105414145
0.85644777747054 33.1661977494397
0.873470660576339 32.4554024887137
0.890493543682137 31.7300962988982
0.907516426787935 30.9911279005227
0.924539309893734 30.2393296168296
0.941562192999532 29.4755299924222
0.958585076105331 28.7005344767401
0.975607959211129 27.9151238281887
1.00699878288441 26.4420536740977
1.02635718044788 25.5192805854444
1.04571557801136 24.5868095966625
1.06507397557483 23.6456435122982
1.09506050666172 22.1728212328072
1.1250470377486 20.6848025256355
1.15503356883548 19.1846989253532
1.18502009992236 17.675426410045
1.2353730637017 15.1276449973956
1.28572602748104 12.5727374944035
1.33607899126038 10.0199753191261
1.38643195503972 7.47726849203865
1.43678491881906 4.95095729062389
1.48713788259839 2.44602985799934
1.53749084637773 -0.0339436520245893
1.58784381015707 -2.48610956899506
1.63819677393641 -4.90904830995289
1.68854973771575 -7.30162138937355
1.73890270149509 -9.66398964376544
1.78925566527443 -11.9966471439691
1.83960862905377 -14.3005291987765
1.88996159283311 -16.5782434142108
1.94031455661245 -18.8323612667697
1.99066752039179 -21.0663270150879
2.04102048417113 -23.2849999128771
2.09137344795046 -25.4953298155353
2.1417264117298 -27.7054178628724
2.19207937550914 -29.9255895802743
2.24243233928848 -32.1699452891183
2.29278530306782 -34.4535830766063
2.34313826684716 -36.7984353925522
2.3934912306265 -39.226691627419
2.44337748384937 -41.7442332223958
2.49326373707223 -44.399845754542
2.5431499902951 -47.2230796564984
2.59303624351797 -50.2363102134032
2.62124962298993 -52.0281200091349
2.64946300246189 -53.8795116078913
2.67767638193386 -55.7826069924237
2.70588976140582 -57.7233803734214
2.73410314087779 -59.6833642235795
2.76231652034975 -61.6365274243466
2.79052989982172 -63.5504109862251
2.81874327929368 -65.3884534647784
2.84695665876565 -67.1137263558907
2.87517003823761 -68.6931680215542
2.90338341770958 -70.1014126591161
2.93159679718154 -71.3244421524301
2.9598101766535 -72.3595692507009
2.98802355612547 -73.2150569434921
3.01623693559743 -73.9074393414369
3.0444503150694 -74.4578792918997
3.07266369454136 -74.8890140775952
3.10087707401333 -75.2226779528458
3.12909045348529 -75.4784264771584
3.15730383295726 -75.6729116254627
3.18551721242922 -75.8197938150037
3.21373059190119 -75.9299919845714
3.24194397137315 -76.0120617824966
3.27015735084511 -76.0726225866987
3.29837073031708 -76.1167513091883
3.32658410978904 -76.1483301325432
3.35479748926101 -76.1703098581351
3.38301086873297 -76.1849312289903
3.41122424820494 -76.1938957803868
3.4394376276769 -76.1984963218786
3.46765100714887 -76.199716134697
3.51319246709667 -76.1962625833209
3.55873392704447 -76.1881209605027
3.60427538699227 -76.1768438956992
3.64981684694007 -76.1633782442221
3.69535830688787 -76.148316711772
3.74089976683567 -76.132048634531
3.78644122678347 -76.1148392319824
3.83198268673127 -76.0968715673802
3.87752414667907 -76.0782717299004
3.92306560662687 -76.0591260321781
3.96860706657468 -76.0394933235727
4.0369463921858 -76.0091965469769
4.10528571779693 -75.9779762720808
4.17362504340806 -75.9458839212264
4.24196436901919 -75.9129437557488
4.34877473823069 -75.8597800199456
4.45558510744219 -75.8045810798824
4.5623954766537 -75.7473422155717
4.76727484471456 -75.6317755285398
5 -75.4911765871637

Cell[2]
0 -65
0.00217825830046941 -64.1299074512013
0.00435651660093882 -63.2610900586376
0.0100349786868382 -61.0018588457451
0.0157134407727377 -58.7501416313419
0.0213919028586371 -56.506435933344
0.0303139359362002 -52.997441045406
0.0506083045252393 -45.0859545432201
0.0709026731142783 -37.2624475044842
0.0801386378264128 -33.7277707076774
0.0893746025385472 -30.2044728292978
0.0986105672506816 -26.6876799845293
0.0999999999999978 -26.1590980709625
0.100000000000001 -26.1590980709625
0.100003083123931 -26.1579252226843
0.10341153899474 -24.8610601461578
0.109872600490973 -22.4014169265346
0.116333661987207 -19.9369772857629
0.122794723483441 -17.4644411374538
0.129255784979675 -14.9800971063096
0.135716846475908 -12.4797282814973
0.142177907972142 -9.9587428852559
0.148638969468376 -7.41213156981326
0.15510003096461 -4.83485949314043
0.161561092460844 -2.22192436498088
0.17210010662861 2.12831497000467
0.182639120796376 6.59955162980184
0.193178134964142 11.1986392778255
0.199999999999996 14.2420009356508
0.200000000000002 14.2420009356508
0.200915489565102 14.6545264490417
0.201830979130201 15.0678218881764
0.203614675268398 15.8749444400648
0.205398371406596 16.6844250303738
0.207182067544793 17.4962854587587
0.210196121959659 18.8729466214268
0.213210176374525 20.2546900427457
0.217829989526315 22.3791706628449
0.222449802678105 24.5066902871916
0.227069615829895 26.630271647185
0.231689428981684 28.7418683091361
0.236309242133474 30.8326346397878
0.243247155782772 33.9120542515953
0.250185069432069 36.8886211456933
0.257122983081367 39.7273539281869
0.264060896730665 42.3940256713604
0.270998810379962 44.8573730221925
0.27793672402926 47.0911308093796
0.284874637678558 49.0758131517955
0.291812551327855 50.7998765768903
0.298750464977153 52.2602126120766
0.299999999999993 52.4951186809568
0.300000000000003 52.4951186809568
0.300672473302994 52.3517958129994
0.301344946605985 52.209981361319
0.302836995845101 51.900330502176
0.304329045084217 51.5973865032006
0.305821094323333 51.3017503907465
0.308217722498466 50.8427192936216
0.3121747575256 50.1276454639216
0.316131792552735 49.4654203066085
0.320088827579869 48.855014501084
0.324045862607004 48.2948734000738
0.328002897634138 47.783017681811
0.334071220636358 47.0865052434475
0.340139543638578 46.4891476396085
0.346207866640797 45.9806641462786
0.352276189643017 45.5503096875088
0.362168096279409 44.9895918377889
0.372060002915801 44.5673463443095
0.381951909552194 44.2473563873723
0.391843816188586 43.9995618559591
0.401735722824978 43.8003221286771
0.41162762946137 43.6315593492405
0.421519536097762 43.4799283359123
0.431411442734154 43.3358763511059
0.441303349370547 43.1927610841289
0.451195256006939 43.04610132281
0.461087162643331 42.8929771526284
0.470979069279723 42.7315691990753
0.480870975916115 42.5608152152961
0.490762882552507 42.3801607589284
0.5006547891889 42.1893828947631
0.510546695825292 41.9884683742773
0.526845862457558 41.6356400559227
0.543145029089824 41.2565436928098
0.55944419572209 40.8522103865434
0.575743362354356 40.4236990915067
0.592042528986622 39.9720822238724
0.608341695618888 39.498379111017
0.624640862251154 39.0035233831726
0.64094002888342 38.4883530819236
0.657239195515686 37.9536712578953
0.673538362147952 37.4002559703946
0.689837528780218 36.8288830868735
0.706136695412484 36.2403053295211
0.72243586204475 35.6352595898099
0.738735028677016 35.0144699283165
0.755034195309283 34.3786447966147
0.771333361941549 33.7284978037243
0.788356245047347 33.0349524503068
0.805379128153145 32.327332327666
0.822402011258944 31.6064086828505
0.839424894364742 30.8729468501962
0.85644777747054 30.1276999000885
0.873470660576339 29.3714104573655
0.890493543682137 28.6048056908486
0.907516426787935 27.8285902870426
0.924539309893734 27.0434513761127
0.941562192999532 26.2500628005542
0.958585076105331 25.4490850845612
0.975607959211129 24.6411543849313
1.00699878288441 23.1351248120889
1.02635718044788 22.1972295152012
1.04571557801136 21.2533497157488
1.06507397557483 20.304271168388
1.09506050666172 18.8255989904887
1.1250470377486 17.338839119105
1.15503356883548 15.846375338507
1.18502009992236 14.3504098596754
1.2353730637017 11.8358727991821
1.28572602748104 9.32522582008315
1.33607899126038 6.82535812924069
1.38643195503972 4.34174793476797
1.43678491881906 1.87859002609467
1.48713788259839 -0.560767471511758
1.53749084637773 -2.97420837061751
1.58784381015707 -5.36005394596051
1.63819677393641 -7.71802334669718
1.68854973771575 -10.0479579295339
1.73890270149509 -12.3503446007041
1.78925566527443 -14.6269897789133
1.83960862905377 -16.8797234952118
1.88996159283311 -19.1110984082051
1.94031455661245 -21.3250862047202
1.99066752039179 -23.5270370681078
2.04102048417113 -25.7233212898424
2.09137344795046 -27.9221246641202
2.1417264117298 -30.1339591369704
2.19207937550914 -32.3729045339345
2.24243233928848 -34.6573051581921
2.29278530306782 -37.0057525780141
2.34313826684716 -39.4445931810222
2.3934912306265 -41.9999755609515
2.44337748384937 -44.6792016296765
2.49326373707223 -47.5315060115363
2.5431499902951 -50.5797703877751
2.59303624351797 -53.8246127450213
2.62124962298993 -55.7379654901475
2.64946300246189 -57.6920855835189
2.67767638193386 -59.6669064528916
2.70588976140582 -61.6343651564311
2.73410314087779 -63.5631313390549
2.76231652034975 -65.4162223800522
2.79052989982172 -67.1555383135346
2.81874327929368 -68.746687133103
2.84695665876565 -70.1635266120759
2.87517003823761 -71.3914887287581
2.90338341770958 -72.4283013071866
2.93159679718154 -73.283219932834
2.9598101766535 -73.9728376144169
2.98802355612547 -74.5189300958456
3.01623693559743 -74.9448821732025
3.0444503150694 -75.2731363999838
3.07266369454136 -75.5236406691076
3.10087707401333 -75.71327722519
3.12909045348529 -75.8558240851334
3.15730383295726 -75.9622335407675
3.18551721242922 -76.0410469545843
3.21373059190119 -76.0988561639585
3.24194397137315 -76.1406915726188
3.27015735084511 -76.1703743925573
3.29837073031708 -76.190797994255
3.32658410978904 -76.2041547580057
3.35479748926101 -76.2121006523219
3.38301086873297 -76.215887965074
3.41122424820494 -76.216465132278
3.4394376276769 -76.2145516810676
3.46765100714887 -76.2106945114416
3.51319246709667 -76.2013185932371
3.55873392704447 -76.1891708010996
3.60427538699227 -76.1751165579359
3.64981684694007 -76.1596845564131
3.69535830688787 -76.1432064701132
3.74089976683567 -76.1259005561774
3.78644122678347 -76.1079155958727
3.83198268673127 -76.0893542139075
3.87752414667907 -76.0702869336553
3.92306560662687 -76.0507618133596
3.96860706657468 -76.0308113639599
4.0369463921858 -76.0001179653076
4.10528571779693 -75.9685599976482
4.17362504340806 -75.9361633261493
4.24196436901919 -75.9029385124676
4.34877473823069 -75.8493539780762
4.45558510744219 -75.793747017388
4.5623954766537 -75.736103492119
4.76727484471456 -75.6197585344872
5 -75.4782686975425
