
Cell[0]
0 -65
0.025 -58.4315156944781
0.05 -52.6742588182886
0.075 -47.5428242700861
0.1 -42.8897833495514
0.125 -45.1487487014268
0.15 -46.8505006934972
0.175 -48.1146405485803
0.2 -49.0360775732912
0.225 -49.6894950758883
0.25 -50.133008005949
0.275 -50.4115103858638
0.3 -50.559171476747
0.325 -50.6017824524767
0.35 -50.5585150666652
0.375 -50.4433413544478
0.4 -50.2661780973542
0.425 -50.0337841218926
0.45 -49.7504421429528
0.475 -49.4182301848312
0.5 -49.0375957672335
0.525 -48.6076661010062
0.55 -48.1260160881918
0.575 -47.5891475834209
0.6 -46.9921327406204
0.625 -46.3288867668183
0.65 -45.5915601904912
0.675 -44.7707098398459
0.7 -43.8549103981089
0.724999999999999 -42.8303341668754
0.749999999999999 -41.6802648073292
0.774999999999999 -40.3845288813188
0.799999999999999 -38.9188659596423
0.824999999999999 -37.2541826077678
0.849999999999999 -35.3555817824673
0.874999999999999 -33.1817083665161
0.899999999999999 -30.6842019898938
0.924999999999999 -27.8079230169099
0.949999999999999 -24.4924537356701
0.974999999999999 -20.6764833203649
0.999999999999998 -16.3061997356789
1.025 -11.3504294632937
1.05 -5.82309015911005
1.075 0.189807028693346
1.1 6.5082025825525
1.125 12.8585276554974
1.15 18.9104583384662
1.175 24.3446068865383
1.2 28.9246506398936
1.225 32.5403333693674
1.25 35.2062250038488
1.275 37.0271192040243
1.3 38.1519327464595
1.325 38.7348346702787
1.35 38.9114828945884
1.375 38.78951171171
1.4 38.4485406866108
1.425 37.9447864130692
1.45 37.3168646197822
1.475 36.5910502493715
1.5 35.7853495239581
1.525 34.912403851969
1.55 33.9814410964294
1.575 32.9995348150697
1.6 31.9723946018352
1.625 30.9048523896475
1.65 29.8011564509168
1.675 28.6651471892187
1.7 27.5003610794673
1.725 26.3100914595926
1.75 25.0974240207851
1.775 23.8652571506999
1.8 22.6163184525164
1.825 21.3531688021062
1.85 20.0782036374348
1.875 18.7936578505911
1.9 17.5016120633129
1.925 16.2039944899415
1.95 14.9025855423906
1.97499999999999 13.599020420372
1.99999999999999 12.2947908283643
2.025 10.9912607569268
2.05 9.68966992454698
2.075 8.39111547381344
2.1 7.09659306787076
2.125 5.80699773175139
2.15 4.52309944216402
2.175 3.24557261513148
2.2 1.97501826409619
2.225 0.711957766325862
2.25 -0.543216367513973
2.275 -1.79015259990372
2.3 -3.028549184163
2.325 -4.25816790367982
2.35 -5.47889329186915
2.375 -6.69062413743406
2.4 -7.89328805511761
2.425 -9.08684983622744
2.45 -10.2713617179213
2.475 -11.446949219519
2.5 -12.6137409430435
2.525 -13.7718865361906
2.55 -14.9215699674589
2.575 -16.063019007056
2.6 -17.1965509123456
2.625 -18.3225633588988
2.65 -19.4414665210144
2.675 -20.5537067533646
2.7 -21.6597838625955
2.725 -22.7602693423688
2.75000000000001 -23.8558104712772
2.77500000000001 -24.947137884772
2.80000000000001 -26.0350745806516
2.82500000000001 -27.1205794036763
2.85000000000001 -28.20475637762
2.87500000000001 -29.2887975149337
2.90000000000001 -30.3740067465928
2.92500000000001 -31.4618199397059
2.95000000000001 -32.5538181659925
2.97500000000001 -33.6517311699941
3.00000000000001 -34.7574406191485
3.02500000000001 -35.8729810800524
3.05000000000001 -37.0005372664592
3.07500000000001 -38.142436552325
3.10000000000001 -39.3012098830626
3.12500000000001 -40.4794443011341
3.15000000000001 -41.6797736637049
3.17500000000001 -42.9048324770367
3.20000000000001 -44.1571927221616
3.22500000000001 -45.4392519207477
3.25000000000001 -46.7530945489554
3.27500000000001 -48.1003736252624
3.30000000000001 -49.4820682990505
3.32500000000001 -50.8981351068601
3.35000000000001 -52.3474849074937
3.37500000000001 -53.8273130102036
3.40000000000001 -55.3331441431784
3.42500000000001 -56.8582447808251
3.45000000000002 -58.3936984530734
3.47500000000002 -59.9280349363585
3.50000000000002 -61.4477722395181
3.52500000000002 -62.9373553777718
3.55000000000002 -64.3804513944386
3.57500000000002 -65.760377682855
3.60000000000002 -67.0617262067793
3.62500000000002 -68.2713200492943
3.65000000000002 -69.3791117799917
3.67500000000002 -70.3789838998604
3.70000000000002 -71.2688911235486
3.72500000000002 -72.0505946812586
3.75000000000002 -72.7290582531549
3.77500000000002 -73.3116002198177
3.80000000000002 -73.8070951503994
3.82500000000002 -74.2251531413297
3.85000000000002 -74.5754572448701
3.87500000000002 -74.8672921023479
3.90000000000002 -75.109237105441
3.92500000000002 -75.3089908898466
3.95000000000002 -75.4733137472037
3.97500000000002 -75.6080440793826
4.00000000000002 -75.7181573882622
4.02500000000002 -75.8078508786416
4.05000000000002 -75.8806379576904
4.07500000000002 -75.9394426457579
4.10000000000002 -75.9866880931358
4.12500000000002 -76.0243762659662
4.15000000000003 -76.0541576677146
4.17500000000003 -76.0773913272978
4.20000000000003 -76.0951955185203
4.22500000000003 -76.1084902133173
4.25000000000003 -76.1180323835034
4.27500000000003 -76.1244451890053
4.30000000000003 -76.128242012673
4.32500000000003 -76.1298461947864
4.35000000000003 -76.1296072054786
4.37500000000003 -76.1278138822695
4.40000000000003 -76.124705258692
4.42500000000003 -76.1204794209901
4.45000000000003 -76.1153007534694
4.47500000000003 -76.1093058685755
4.50000000000003 -76.102608463964
4.52500000000003 -76.0953033043021
4.55000000000003 -76.0874694889515
4.57500000000003 -76.0791731367225
4.60000000000003 -76.070469594457
4.62500000000003 -76.0614052563051
4.65000000000003 -76.0520190643906
4.67500000000003 -76.0423437484328
4.70000000000003 -76.0324068512267
4.72500000000003 -76.0222315782383
4.75000000000003 -76.0118375025382
4.77500000000003 -76.0012411505929
4.80000000000003 -75.9904564897935
4.82500000000003 -75.979495327132
4.85000000000004 -75.9683676580509
4.87500000000004 -75.9570819500346
4.90000000000004 -75.9456453797434
4.92500000000004 -75.934064031875
4.95000000000004 -75.9223430661875
4.97500000000004 -75.9104868579957
5.00000000000004 -75.8984991165331

Cell[1]
0 -65
0.025 -64.9993361310771
0.05 -64.2797437550293
0.075 -63.0187657345127
0.1 -61.3512104815586
0.125 -59.3786329271101
0.15 -57.8936374255803
0.175 -56.7727334018875
0.2 -55.9207624461396
0.225 -55.2647075938289
0.25 -54.7487290374269
0.275 -54.330301139033
0.3 -53.9771318176078
0.325 -53.6647813442283
0.35 -53.3746649381406
0.375 -53.0926813330207
0.4 -52.8080584141997
0.425 -52.5123664230451
0.45 -52.1988645410928
0.475 -51.8620131188362
0.5 -51.4969519613916
0.525 -51.0991156943537
0.55 -50.6641066308711
0.575 -50.1872109505046
0.6 -49.6633656481318
0.625 -49.0867808781903
0.65 -48.4508623098213
0.675 -47.7477007271764
0.7 -46.9680128063043
0.724999999999999 -46.1007162372103
0.749999999999999 -45.1323458012824
0.774999999999999 -44.0466243894734
0.799999999999999 -42.8238086517165
0.824999999999999 -41.439755055784
0.849999999999999 -39.8650008821154
0.874999999999999 -38.0636569399697
0.899999999999999 -35.9919706674216
0.924999999999999 -33.5970565280996
0.949999999999999 -30.8159457960218
0.974999999999999 -27.5755797993916
0.999999999999998 -23.7952343707111
1.025 -19.3932586097649
1.05 -14.3022143839158
1.075 -8.49551404615404
1.1 -2.02739909009042
1.125 4.92365273170611
1.15 12.0325251763495
1.175 18.8623847242495
1.2 24.9660922518133
1.225 30.0132679081629
1.25 33.8701426725096
1.275 36.5931786544954
1.3 38.3592867007598
1.325 39.3847364148522
1.35 39.8687819430885
1.375 39.9690270661912
1.4 39.7989047006369
1.425 39.4353925878341
1.45 38.9290333859473
1.475 38.3126260248565
1.5 37.6076344383505
1.525 36.8284853013648
1.55 35.9853092607178
1.575 35.0856314325738
1.6 34.1353945176002
1.625 33.139557693671
1.65 32.1024533281645
1.675 31.0279956765052
1.7 29.9198013364156
1.725 28.7812616428117
1.75 27.6155781156081
1.775 26.425781017749
1.8 25.2147400963986
1.825 23.9851702360412
1.85 22.7396346155967
1.875 21.480551652308
1.9 20.2101879420816
1.925 18.9306610476736
1.95 17.6439426061276
1.97499999999999 16.3518603802775
1.99999999999999 15.0561035037946
2.025 13.7582261357509
2.05 12.4596428317794
2.075 11.1616454441473
2.1 9.86540897942167
2.125 8.57198505610127
2.15 7.28230846829548
2.175 5.99722227307331
2.2 4.71747837490901
2.225 3.4436962048606
2.25 2.17643537701473
2.275 0.916185794960749
2.3 -0.336650353291828
2.325 -1.58177105856655
2.35 -2.81890857583872
2.375 -4.04784398509377
2.4 -5.26842394522337
2.425 -6.48060268182595
2.45 -7.68434237815348
2.475 -8.87963350424075
2.5 -10.0665045196007
2.525 -11.2450586500837
2.55 -12.4154874642442
2.575 -13.5779820181592
2.6 -14.7327548963913
2.625 -15.8800568148965
2.65 -17.0201868151487
2.675 -18.1535108031164
2.7 -19.2805363352458
2.725 -20.4017847609761
2.75000000000001 -21.5178218000439
2.77500000000001 -22.6292783730786
2.80000000000001 -23.7368665593631
2.82500000000001 -24.8413932141663
2.85000000000001 -25.9437751058125
2.87500000000001 -27.0450526768888
2.90000000000001 -28.1464439696665
2.92500000000001 -29.249345632687
2.95000000000001 -30.3552703073811
2.97500000000001 -31.4658748715169
3.00000000000001 -32.5829799009469
3.02500000000001 -33.7085832111655
3.05000000000001 -34.8448686060302
3.07500000000001 -35.9942099132201
3.10000000000001 -37.1591696897646
3.12500000000001 -38.3426042103021
3.15000000000001 -39.5474790347844
3.17500000000001 -40.7768536719782
3.20000000000001 -42.0338499943799
3.22500000000001 -43.3216001364738
3.25000000000001 -44.6431501018708
3.27500000000001 -46.0012881469038
3.30000000000001 -47.3984066291133
3.32500000000001 -48.836085835705
3.35000000000001 -50.3150425656661
3.37500000000001 -51.8345301181874
3.40000000000001 -53.3921218921377
3.42500000000001 -54.9830277201046
3.45000000000002 -56.6000452867784
3.47500000000002 -58.232592461438
3.50000000000002 -59.8672100286741
3.52500000000002 -61.4874045010899
3.55000000000002 -63.0740359390273
3.57500000000002 -64.6067635036803
3.60000000000002 -66.0649014833293
3.62500000000002 -67.4296515721016
3.65000000000002 -68.6853028202881
3.67500000000002 -69.8209314950303
3.70000000000002 -70.830995863187
3.72500000000002 -71.7153367196409
3.75000000000002 -72.4785632685976
3.77500000000002 -73.1289806759831
3.80000000000002 -73.6773093032087
3.82500000000002 -74.1354218191426
3.85000000000002 -74.5153850634942
3.87500000000002 -74.828704967222
3.90000000000002 -75.0859017493111
3.92500000000002 -75.2962752335062
3.95000000000002 -75.4678506379152
3.97500000000002 -75.6074348798718
4.00000000000002 -75.7207243842417
4.02500000000002 -75.8124406969461
4.05000000000002 -75.8864711904824
4.07500000000002 -75.9460020735255
4.10000000000002 -75.9936374813115
4.12500000000002 -76.0315024761974
4.15000000000003 -76.0613300196046
4.17500000000003 -76.0845335513387
4.20000000000003 -76.1022665758645
4.22500000000003 -76.115471360984
4.25000000000003 -76.1249185644129
4.27500000000003 -76.1312393816254
4.30000000000003 -76.1349515838499
4.32500000000003 -76.1364805938209
4.35000000000003 -76.1361765461419
4.37500000000003 -76.1343281052924
4.40000000000003 -76.1311736680797
4.42500000000003 -76.126910456552
4.45000000000003 -76.1217019088321
4.47500000000003 -76.1156836955319
4.50000000000003 -76.1089686251246
4.52500000000003 -76.1016506500227
4.55000000000003 -76.093808143715
4.57500000000003 -76.0855065861449
4.60000000000003 -76.0768007679364
4.62500000000003 -76.067736602762
4.65000000000003 -76.0583526200532
4.67500000000003 -76.0486811965155
4.70000000000003 -76.0387495738643
4.72500000000003 -76.0285807012999
4.75000000000003 -76.0181939340602
4.77500000000003 -76.0076056135928
4.80000000000003 -75.996829550195
4.82500000000003 -75.9858774226007
4.85000000000004 -75.9747591101682
4.87500000000004 -75.9634829824285
4.90000000000004 -75.9520561332129
4.92500000000004 -75.9404845770449
4.95000000000004 -75.9287734141262
4.97500000000004 -75.9169269691464
5.00000000000004 -75.9049489082428
