fixed step

Cell[0]
0 -65
0.025 -58.4315156944781
0.05 -52.6742588182886
0.075 -47.5428242700861
0.1 -42.8897833495514
0.125 -45.1487487014268
0.15 -46.8505006934972
0.175 -48.1146405485803
0.2 -49.0360775732912
0.225 -49.6894950758883
0.25 -50.133008005949
0.275 -50.4115103858638
0.3 -50.559171476747
0.325 -50.6017824524767
0.35 -50.5585150666652
0.375 -50.4433413544478
0.4 -50.2661780973542
0.425 -50.0337841218926
0.45 -49.7504421429528
0.475 -49.4182301848312
0.5 -49.0375957672335
0.525 -48.6076661010062
0.55 -48.1260160881918
0.575 -47.5891475834209
0.6 -46.9921327406204
0.625 -46.3288867668183
0.65 -45.5915601904912
0.675 -44.7707098398459
0.7 -43.8549103981089
0.724999999999999 -42.8303341668754
0.749999999999999 -41.6802648073292
0.774999999999999 -40.3845288813188
0.799999999999999 -38.9188659596423
0.824999999999999 -37.2541826077678
0.849999999999999 -35.3555817824673
0.874999999999999 -33.1817083665161
0.899999999999999 -30.6842019898938
0.924999999999999 -27.8079230169099
0.949999999999999 -24.4924537356701
0.974999999999999 -20.6764833203649
0.999999999999998 -16.3061997356789
1.025 -11.3504294632937
1.05 -5.82309015911005
1.075 0.189807028693346
1.1 6.5082025825525
1.125 12.8585276554974
1.15 18.9104583384662
1.175 24.3446068865383
1.2 28.9246506398936
1.225 32.5403333693674
1.25 35.2062250038488
1.275 37.0271192040243
1.3 38.1519327464595
1.325 38.7348346702787
1.35 38.9114828945884
1.375 38.78951171171
1.4 38.4485406866108
1.425 37.9447864130692
1.45 37.3168646197822
1.475 36.5910502493715
1.5 35.7853495239581
1.525 34.912403851969
1.55 33.9814410964294
1.575 32.9995348150697
1.6 31.9723946018352
1.625 30.9048523896475
1.65 29.8011564509168
1.675 28.6651471892187
1.7 27.5003610794673
1.725 26.3100914595926
1.75 25.0974240207851
1.775 23.8652571506999
1.8 22.6163184525164
1.825 21.3531688021062
1.85 20.0782036374348
1.875 18.7936578505911
1.9 17.5016120633129
1.925 16.2039944899415
1.95 14.9025855423906
1.97499999999999 13.599020420372
1.99999999999999 12.2947908283643
2.025 10.9912607569268
2.05 9.68966992454698
2.075 8.39111547381344
2.1 7.09659306787076
2.125 5.80699773175139
2.15 4.52309944216402
2.175 3.24557261513148
2.2 1.97501826409619
2.225 0.711957766325862
2.25 -0.543216367513973
2.275 -1.79015259990372
2.3 -3.028549184163
2.325 -4.25816790367982
2.35 -5.47889329186915
2.375 -6.69062413743406
2.4 -7.89328805511761
2.425 -9.08684983622744
2.45 -10.2713617179213
2.475 -11.446949219519
2.5 -12.6137409430435
2.525 -13.7718865361906
2.55 -14.9215699674589
2.575 -16.063019007056
2.6 -17.1965509123456
2.625 -18.3225633588988
2.65 -19.4414665210144
2.675 -20.5537067533646
2.7 -21.6597838625955
2.725 -22.7602693423688
2.75000000000001 -23.8558104712772
2.77500000000001 -24.947137884772
2.80000000000001 -26.0350745806516
2.82500000000001 -27.1205794036763
2.85000000000001 -28.20475637762
2.87500000000001 -29.2887975149337
2.90000000000001 -30.3740067465928
2.92500000000001 -31.4618199397059
2.95000000000001 -32.5538181659925
2.97500000000001 -33.6517311699941
3.00000000000001 -34.7574406191485
3.02500000000001 -35.8729810800524
3.05000000000001 -37.0005372664592
3.07500000000001 -38.142436552325
3.10000000000001 -39.3012098830626
3.12500000000001 -40.4794443011341
3.15000000000001 -41.6797736637049
3.17500000000001 -42.9048324770367
3.20000000000001 -44.1571927221616
3.22500000000001 -45.4392519207477
3.25000000000001 -46.7530945489554
3.27500000000001 -48.1003736252624
3.30000000000001 -49.4820682990505
3.32500000000001 -50.8981351068601
3.35000000000001 -52.3474849074937
3.37500000000001 -53.8273130102036
3.40000000000001 -55.3331441431784
3.42500000000001 -56.8582447808251
3.45000000000002 -58.3936984530734
3.47500000000002 -59.9280349363585
3.50000000000002 -61.4477722395181
3.52500000000002 -62.9373553777718
3.55000000000002 -64.3804513944386
3.57500000000002 -65.760377682855
3.60000000000002 -67.0617262067793
3.62500000000002 -68.2713200492943
3.65000000000002 -69.3791117799917
3.67500000000002 -70.3789838998604
3.70000000000002 -71.2688911235486
3.72500000000002 -72.0505946812586
3.75000000000002 -72.7290582531549
3.77500000000002 -73.3116002198177
3.80000000000002 -73.8070951503994
3.82500000000002 -74.2251531413297
3.85000000000002 -74.5754572448701
3.87500000000002 -74.8672921023479
3.90000000000002 -75.109237105441
3.92500000000002 -75.3089908898466
3.95000000000002 -75.4733137472037
3.97500000000002 -75.6080440793826
4.00000000000002 -75.7181573882622
4.02500000000002 -75.8078508786416
4.05000000000002 -75.8806379576904
4.07500000000002 -75.9394426457579
4.10000000000002 -75.9866880931358
4.12500000000002 -76.0243762659662
4.15000000000003 -76.0541576677146
4.17500000000003 -76.0773913272978
4.20000000000003 -76.0951955185203
4.22500000000003 -76.1084902133173
4.25000000000003 -76.1180323835034
4.27500000000003 -76.1244451890053
4.30000000000003 -76.128242012673
4.32500000000003 -76.1298461947864
4.35000000000003 -76.1296072054786
4.37500000000003 -76.1278138822695
4.40000000000003 -76.124705258692
4.42500000000003 -76.1204794209901
4.45000000000003 -76.1153007534694
4.47500000000003 -76.1093058685755
4.50000000000003 -76.102608463964
4.52500000000003 -76.0953033043021
4.55000000000003 -76.0874694889515
4.57500000000003 -76.0791731367225
4.60000000000003 -76.070469594457
4.62500000000003 -76.0614052563051
4.65000000000003 -76.0520190643906
4.67500000000003 -76.0423437484328
4.70000000000003 -76.0324068512267
4.72500000000003 -76.0222315782383
4.75000000000003 -76.0118375025382
4.77500000000003 -76.0012411505929
4.80000000000003 -75.9904564897935
4.82500000000003 -75.979495327132
4.85000000000004 -75.9683676580509
4.87500000000004 -75.9570819500346
4.90000000000004 -75.9456453797434
4.92500000000004 -75.934064031875
4.95000000000004 -75.9223430661875
4.97500000000004 -75.9104868579957
5.00000000000004 -75.8984991165331

Cell[1]
0 -65
0.025 -64.9993361310771
0.05 -64.2797437550293
0.075 -63.0187657345127
0.1 -61.3512104815586
0.125 -59.3786329271101
0.15 -57.8936374255803
0.175 -56.7727334018875
0.2 -55.9207624461396
0.225 -55.2647075938289
0.25 -54.7487290374269
0.275 -54.330301139033
0.3 -53.9771318176078
0.325 -53.6647813442283
0.35 -53.3746649381406
0.375 -53.0926813330207
0.4 -52.8080584141997
0.425 -52.5123664230451
0.45 -52.1988645410928
0.475 -51.8620131188362
0.5 -51.4969519613916
0.525 -51.0991156943537
0.55 -50.6641066308711
0.575 -50.1872109505046
0.6 -49.6633656481318
0.625 -49.0867808781903
0.65 -48.4508623098213
0.675 -47.7477007271764
0.7 -46.9680128063043
0.724999999999999 -46.1007162372103
0.749999999999999 -45.1323458012824
0.774999999999999 -44.0466243894734
0.799999999999999 -42.8238086517165
0.824999999999999 -41.439755055784
0.849999999999999 -39.8650008821154
0.874999999999999 -38.0636569399697
0.899999999999999 -35.9919706674216
0.924999999999999 -33.5970565280996
0.949999999999999 -30.8159457960218
0.974999999999999 -27.5755797993916
0.999999999999998 -23.7952343707111
1.025 -19.3932586097649
1.05 -14.3022143839158
1.075 -8.49551404615404
1.1 -2.02739909009042
1.125 4.92365273170611
1.15 12.0325251763495
1.175 18.8623847242495
1.2 24.9660922518133
1.225 30.0132679081629
1.25 33.8701426725096
1.275 36.5931786544954
1.3 38.3592867007598
1.325 39.3847364148522
1.35 39.8687819430885
1.375 39.9690270661912
1.4 39.7989047006369
1.425 39.4353925878341
1.45 38.9290333859473
1.475 38.3126260248565
1.5 37.6076344383505
1.525 36.8284853013648
1.55 35.9853092607178
1.575 35.0856314325738
1.6 34.1353945176002
1.625 33.139557693671
1.65 32.1024533281645
1.675 31.0279956765052
1.7 29.9198013364156
1.725 28.7812616428117
1.75 27.6155781156081
1.775 26.425781017749
1.8 25.2147400963986
1.825 23.9851702360412
1.85 22.7396346155967
1.875 21.480551652308
1.9 20.2101879420816
1.925 18.9306610476736
1.95 17.6439426061276
1.97499999999999 16.3518603802775
1.99999999999999 15.0561035037946
2.025 13.7582261357509
2.05 12.4596428317794
2.075 11.1616454441473
2.1 9.86540897942167
2.125 8.57198505610127
2.15 7.28230846829548
2.175 5.99722227307331
2.2 4.71747837490901
2.225 3.4436962048606
2.25 2.17643537701473
2.275 0.916185794960749
2.3 -0.336650353291828
2.325 -1.58177105856655
2.35 -2.81890857583872
2.375 -4.04784398509377
2.4 -5.26842394522337
2.425 -6.48060268182595
2.45 -7.68434237815348
2.475 -8.87963350424075
2.5 -10.0665045196007
2.525 -11.2450586500837
2.55 -12.4154874642442
2.575 -13.5779820181592
2.6 -14.7327548963913
2.625 -15.8800568148965
2.65 -17.0201868151487
2.675 -18.1535108031164
2.7 -19.2805363352458
2.725 -20.4017847609761
2.75000000000001 -21.5178218000439
2.77500000000001 -22.6292783730786
2.80000000000001 -23.7368665593631
2.82500000000001 -24.8413932141663
2.85000000000001 -25.9437751058125
2.87500000000001 -27.0450526768888
2.90000000000001 -28.1464439696665
2.92500000000001 -29.249345632687
2.95000000000001 -30.3552703073811
2.97500000000001 -31.4658748715169
3.00000000000001 -32.5829799009469
3.02500000000001 -33.7085832111655
3.05000000000001 -34.8448686060302
3.07500000000001 -35.9942099132201
3.10000000000001 -37.1591696897646
3.12500000000001 -38.3426042103021
3.15000000000001 -39.5474790347844
3.17500000000001 -40.7768536719782
3.20000000000001 -42.0338499943799
3.22500000000001 -43.3216001364738
3.25000000000001 -44.6431501018708
3.27500000000001 -46.0012881469038
3.30000000000001 -47.3984066291133
3.32500000000001 -48.836085835705
3.35000000000001 -50.3150425656661
3.37500000000001 -51.8345301181874
3.40000000000001 -53.3921218921377
3.42500000000001 -54.9830277201046
3.45000000000002 -56.6000452867784
3.47500000000002 -58.232592461438
3.50000000000002 -59.8672100286741
3.52500000000002 -61.4874045010899
3.55000000000002 -63.0740359390273
3.57500000000002 -64.6067635036803
3.60000000000002 -66.0649014833293
3.62500000000002 -67.4296515721016
3.65000000000002 -68.6853028202881
3.67500000000002 -69.8209314950303
3.70000000000002 -70.830995863187
3.72500000000002 -71.7153367196409
3.75000000000002 -72.4785632685976
3.77500000000002 -73.1289806759831
3.80000000000002 -73.6773093032087
3.82500000000002 -74.1354218191426
3.85000000000002 -74.5153850634942
3.87500000000002 -74.828704967222
3.90000000000002 -75.0859017493111
3.92500000000002 -75.2962752335062
3.95000000000002 -75.4678506379152
3.97500000000002 -75.6074348798718
4.00000000000002 -75.7207243842417
4.02500000000002 -75.8124406969461
4.05000000000002 -75.8864711904824
4.07500000000002 -75.9460020735255
4.10000000000002 -75.9936374813115
4.12500000000002 -76.0315024761974
4.15000000000003 -76.0613300196046
4.17500000000003 -76.0845335513387
4.20000000000003 -76.1022665758645
4.22500000000003 -76.115471360984
4.25000000000003 -76.1249185644129
4.27500000000003 -76.1312393816254
4.30000000000003 -76.1349515838499
4.32500000000003 -76.1364805938209
4.35000000000003 -76.1361765461419
4.37500000000003 -76.1343281052924
4.40000000000003 -76.1311736680797
4.42500000000003 -76.126910456552
4.45000000000003 -76.1217019088321
4.47500000000003 -76.1156836955319
4.50000000000003 -76.1089686251246
4.52500000000003 -76.1016506500227
4.55000000000003 -76.093808143715
4.57500000000003 -76.0855065861449
4.60000000000003 -76.0768007679364
4.62500000000003 -76.067736602762
4.65000000000003 -76.0583526200532
4.67500000000003 -76.0486811965155
4.70000000000003 -76.0387495738643
4.72500000000003 -76.0285807012999
4.75000000000003 -76.0181939340602
4.77500000000003 -76.0076056135928
4.80000000000003 -75.996829550195
4.82500000000003 -75.9858774226007
4.85000000000004 -75.9747591101682
4.87500000000004 -75.9634829824285
4.90000000000004 -75.9520561332129
4.92500000000004 -75.9404845770449
4.95000000000004 -75.9287734141262
4.97500000000004 -75.9169269691464
5.00000000000004 -75.9049489082428
cvode

Cell[0]
0 -65
0.000789381633456383 -64.7642142304269
0.00157876326691277 -64.5294764586636
0.00342244284902363 -63.9849662225412
0.0052661224311345 -63.4453974336329
0.00710980201324537 -62.9110904248984
0.0102719643529593 -62.0069915186646
0.0203499042117935 -59.2227753108765
0.0254490821013618 -57.8692036903155
0.0305482599909301 -56.5498334694898
0.0356474378804983 -55.262885723311
0.0433766473847931 -53.3702928495216
0.0511058568890878 -51.5432930757343
0.0588350663933826 -49.7767019636314
0.071484206328994 -47.0034388717875
0.0841333462646055 -44.3594324737816
0.0967824862002169 -41.8269007848459
0.0999999999999978 -41.1983882799207
0.100000000000001 -41.1983882799207
0.100956394126125 -41.2983177690206
0.101912788252249 -41.3972052345883
0.10415412797542 -41.6252132034761
0.10639546769859 -41.8482838733066
0.108636807421761 -42.0661046449191
0.112540819076527 -42.4329355073234
0.124586663363456 -43.4707501350262
0.130515326945535 -43.9305321577752
0.136443990527615 -44.3594470367919
0.142372654109694 -44.7591428589375
0.148301317691773 -45.1311829836482
0.154229981273852 -45.4770431492556
0.16581934372985 -46.0830732815064
0.177408706185847 -46.603638691971
0.188998068641844 -47.047196838002
0.200587431097841 -47.4218543906568
0.218420180614747 -47.8796838810255
0.236252930131654 -48.2132393224175
0.254085679648561 -48.4406356910308
0.271918429165468 -48.5770865033293
0.289751178682374 -48.6348249116203
0.307583928199281 -48.6236675850286
0.325416677716188 -48.5513659206182
0.343249427233094 -48.4239550741946
0.361082176750001 -48.2460055044946
0.378914926266908 -48.0208306410273
0.407793594219667 -47.561099483951
0.436672262172426 -46.9866860829567
0.465550930125185 -46.2966985077749
0.494429598077944 -45.4835846128022
0.523308266030703 -44.5346582124832
0.552186933983462 -43.4316328943785
0.581065601936221 -42.1504243624118
0.60994426988898 -40.6593561693231
0.638822937841739 -38.9174868702815
0.667701605794498 -36.8725075791527
0.696580273747257 -34.4581363164815
0.725458941700016 -31.591338776716
0.754337609652775 -28.1702718208671
0.783216277605533 -24.0746367049549
0.812094945558292 -19.1731274997239
0.840973613511051 -13.3484394455971
0.859196332346249 -9.16334274372304
0.877419051181446 -4.59163385116109
0.895641770016644 0.322546327511071
0.913864488851841 5.49435530480313
0.932087207687039 10.7920203265046
0.950309926522236 16.0402759734474
0.968532645357433 21.0387655535076
0.98089419421391 24.1854579575381
0.993255743070387 27.0750248626356
1.00561729192686 29.6689254468716
1.01797884078334 31.9429235184076
1.03034038963982 33.8882344426219
1.04270193849629 35.5107298575859
1.05506348735277 36.828443515746
1.06742503620925 37.8681512789712
1.07978658506572 38.6617684703823
1.0921481339222 39.2431215991736
1.10450968277868 39.6453816875461
1.11687123163515 39.8992277764978
1.12923278049163 40.0317474788319
1.14159432934811 40.0659643579426
1.15395587820458 40.0208441366805
1.16631742706106 39.9116159563359
1.1869302558173 39.6186278448935
1.20754308457353 39.2198813088437
1.22815591332977 38.7397162066301
1.24876874208601 38.194392467275
1.26938157084224 37.5952109133088
1.28999439959848 36.9496180437397
1.31060722835472 36.2624002091107
1.33122005711095 35.5370959584338
1.35183288586719 34.7767965392298
1.37244571462343 33.984296780819
1.40650919182989 32.610400606626
1.46435300640522 30.1195986506385
1.52219682098056 27.4574906276783
1.55597971935261 25.8455593023576
1.57793692240655 24.7825435633543
1.59989412546048 23.7045287669448
1.62185132851441 22.6122761756345
1.64380853156834 21.5090367748767
1.66576573462227 20.3974794520784
1.68772293767621 19.2788632162319
1.70968014073014 18.1540868853299
1.74274823770406 16.4515762311168
1.77581633467799 14.7423196860823
1.80888443165191 13.0300768131448
1.8720428794889 9.76205569666695
1.93520132732589 6.5131766746385
1.99835977516289 3.29580428799782
2.06151822299988 0.12042486873781
2.12467667083687 -3.00589413778624
2.18783511867386 -6.07974698820833
2.25099356651086 -9.09984680719862
2.31415201434785 -12.0664000265292
2.37731046218484 -14.9813628424541
2.47962908275956 -19.6067170356929
2.58194770333428 -24.1346165332261
2.65044404985418 -27.1378459283933
2.71894039637407 -30.145670234075
2.78743674289397 -33.1851683326131
2.85593308941386 -36.2943796429202
2.92442943593376 -39.5263020161782
2.99292578245365 -42.9458402705942
3.06142212897355 -46.621608582358
3.12991847549344 -50.606496890111
3.17188861418575 -53.2066064658335
3.21385875287806 -55.9102007862095
3.25582889157037 -58.6821974955218
3.29779903026268 -61.4641346197041
3.33976916895499 -64.1676651873087
3.38173930764729 -66.6901084678008
3.4237094463396 -68.9322449226799
3.45149679814772 -70.2265390470632
3.47928414995584 -71.3580800927224
3.50707150176395 -72.3257272351112
3.54949672440139 -73.5033285264122
3.59192194703883 -74.3640896175477
3.62145908547352 -74.8119679942865
3.65099622390822 -75.1604086531439
3.68053336234291 -75.4282214806704
3.7100705007776 -75.631825700787
3.75986837095987 -75.8676201507027
3.85361082473857 -76.0893953752912
3.90761429046432 -76.143914556987
3.96161775619006 -76.1693397159096
4.01562122191581 -76.1765089362939
4.06962468764156 -76.1726291834292
4.1236281533673 -76.1623505988593
4.17763161909305 -76.1481518678646
4.2316350848188 -76.1311436557833
4.28563855054454 -76.1120046828973
4.33964201627029 -76.0913661295535
4.4785136204284 -76.0333832352559
4.6173852245865 -75.9718534477001
4.7562568287446 -75.9071907375376
4.89512843290271 -75.8381465628117
5 -75.7827054376876

Cell[1]
0 -65
0.000789381633456383 -64.9990497123769
0.00157876326691277 -64.9971771743052
0.00342244284902363 -64.9895173335875
0.0052661224311345 -64.9775222175834
0.00710980201324537 -64.9609195066866
0.0102719643529593 -64.9216931900214
0.0203499042117935 -64.7124483644303
0.0254490821013618 -64.5588595907856
0.0305482599909301 -64.3759709717276
0.0356474378804983 -64.1654784793947
0.0433766473847931 -63.7972883871811
0.0511058568890878 -63.3740718031552
0.0588350663933826 -62.9006339454685
0.071484206328994 -62.0287576088044
0.0841333462646055 -61.0512288380068
0.0967824862002169 -59.9826683299664
0.0999999999999978 -59.6980272087797
0.100000000000001 -59.6980272087797
0.100956394126125 -59.6136152037339
0.101912788252249 -59.5301267030328
0.10415412797542 -59.3377663715203
0.10639546769859 -59.1497456651342
0.108636807421761 -58.9663164034942
0.112540819076527 -58.6577211884882
0.124586663363456 -57.7853087015569
0.130515326945535 -57.3989656226858
0.136443990527615 -57.0379946159029
0.142372654109694 -56.7006078233091
0.148301317691773 -56.3851382694293
0.154229981273852 -56.0900307769699
0.16581934372985 -55.5661527947673
0.177408706185847 -55.1050283551777
0.188998068641844 -54.6979929119916
0.200587431097841 -54.3368891009796
0.218420180614747 -53.8552512594051
0.236252930131654 -53.4440474302861
0.254085679648561 -53.0854406124647
0.271918429165468 -52.7646107610903
0.289751178682374 -52.4694837947543
0.307583928199281 -52.1901070681361
0.325416677716188 -51.9182616647038
0.343249427233094 -51.6470681308575
0.361082176750001 -51.3706805701474
0.378914926266908 -51.0841227858137
0.407793594219667 -50.5876030531616
0.436672262172426 -50.0371552844409
0.465550930125185 -49.4179079268669
0.494429598077944 -48.7154416514581
0.523308266030703 -47.9142210008376
0.552186933983462 -46.9968035448429
0.581065601936221 -45.9419117058538
0.60994426988898 -44.7231738154863
0.638822937841739 -43.3071774214581
0.667701605794498 -41.6515678898061
0.696580273747257 -39.7019076667663
0.725458941700016 -37.3879693493049
0.754337609652775 -34.6192310956234
0.783216277605533 -31.2803772227546
0.812094945558292 -27.2278655453801
0.840973613511051 -22.2938708241035
0.859196332346249 -18.6457834817662
0.877419051181446 -14.536197684669
0.895641770016644 -9.94269960926981
0.913864488851841 -4.87029242431108
0.932087207687039 0.629777349185746
0.950309926522236 6.44246896239399
0.968532645357433 12.3810092959495
0.98089419421391 16.3565535092862
0.993255743070387 20.1891953265594
1.00561729192686 23.79325591153
1.01797884078334 27.0931077991163
1.03034038963982 30.0309811496829
1.04270193849629 32.5721725047777
1.05506348735277 34.7066861063126
1.06742503620925 36.4472442123056
1.07978658506572 37.8243713830486
1.0921481339222 38.8800548686762
1.10450968277868 39.6614037024079
1.11687123163515 40.2154057298874
1.12923278049163 40.58530188447
1.14159432934811 40.8085722280971
1.15395587820458 40.916249394802
1.16631742706106 40.9331231399707
1.1869302558173 40.8101017614078
1.20754308457353 40.5494819874002
1.22815591332977 40.1884803996094
1.24876874208601 39.7499399782607
1.26938157084224 39.2488513316744
1.28999439959848 38.6949256149007
1.31060722835472 38.0943180944502
1.33122005711095 37.4512583849731
1.35183288586719 36.7691417994533
1.37244571462343 36.0508980883208
1.40650919182989 34.7914071127624
1.46435300640522 32.4723972150681
1.52219682098056 29.951987427489
1.55597971935261 28.4115927147928
1.57793692240655 27.3915583851465
1.59989412546048 26.3522756612517
1.62185132851441 25.2944209460773
1.64380853156834 24.2218599359407
1.66576573462227 23.1378209184404
1.68772293767621 22.0437690095659
1.70968014073014 20.9406020229326
1.74274823770406 19.2651554874469
1.77581633467799 17.5768093415654
1.80888443165191 15.8797534576231
1.8720428794889 12.6265219188806
1.93520132732589 9.37674606878838
1.99835977516289 6.14488468757635
2.06151822299988 2.94449506516016
2.12467667083687 -0.215606662323121
2.18783511867386 -3.32999692312657
2.25099356651086 -6.39563493397764
2.31415201434785 -9.4113862433335
2.37731046218484 -12.3780853665078
2.47962908275956 -17.0890999905613
2.58194770333428 -21.6999674213607
2.65044404985418 -24.7548835070719
2.71894039637407 -27.8081816568967
2.78743674289397 -30.8833425791811
2.85593308941386 -34.0164638660769
2.92442943593376 -37.2599240989971
2.99292578245365 -40.6837768012345
3.06142212897355 -44.3646018776019
3.12991847549344 -48.3813819473201
3.17188861418575 -51.0302936609414
3.21385875287806 -53.8188823749903
3.25582889157037 -56.7233272701935
3.29779903026268 -59.6947391942288
3.33976916895499 -62.6444082389384
3.38173930764729 -65.4550442786237
3.4237094463396 -67.9998379704735
3.45149679814772 -69.4840819643777
3.47928414995584 -70.7863777692281
3.50707150176395 -71.8998412615774
3.54949672440139 -73.2480516287192
3.59192194703883 -74.2217246387767
3.62145908547352 -74.7214739007772
3.65099622390822 -75.1053326560074
3.68053336234291 -75.3965583329706
3.7100705007776 -75.6152078155612
3.75986837095987 -75.8647439618813
3.85361082473857 -76.095668247233
3.90761429046432 -76.1508886124763
3.96161775619006 -76.1760291453182
4.01562122191581 -76.1829226102427
4.06962468764156 -76.1790053262911
4.1236281533673 -76.1687948403669
4.17763161909305 -76.1546213566632
4.2316350848188 -76.1375716491926
4.28563855054454 -76.1183760500072
4.33964201627029 -76.0977150447606
4.4785136204284 -76.0397695490698
4.6173852245865 -75.9782138928921
4.7562568287446 -75.913727620982
4.89512843290271 -75.8446871657926
5 -75.7893618723523
