
Cell[0]
0 -65
0.000789381633456383 -64.7642142304269
0.00157876326691277 -64.5294764586636
0.00342244284902363 -63.9849662225412
0.0052661224311345 -63.4453974336329
0.00710980201324537 -62.9110904248984
0.0102719643529593 -62.0069915186646
0.0203499042117935 -59.2227753108765
0.0254490821013618 -57.8692036903155
0.0305482599909301 -56.5498334694898
0.0356474378804983 -55.262885723311
0.0433766473847931 -53.3702928495216
0.0511058568890878 -51.5432930757343
0.0588350663933826 -49.7767019636314
0.071484206328994 -47.0034388717875
0.0841333462646055 -44.3594324737816
0.0967824862002169 -41.8269007848459
0.0999999999999978 -41.1983882799207
0.100000000000001 -41.1983882799207
0.100956394126125 -41.2983177690206
0.101912788252249 -41.3972052345883
0.10415412797542 -41.6252132034761
0.10639546769859 -41.8482838733066
0.108636807421761 -42.0661046449191
0.112540819076527 -42.4329355073234
0.124586663363456 -43.4707501350262
0.130515326945535 -43.9305321577752
0.136443990527615 -44.3594470367919
0.142372654109694 -44.7591428589375
0.148301317691773 -45.1311829836482
0.154229981273852 -45.4770431492556
0.16581934372985 -46.0830732815064
0.177408706185847 -46.603638691971
0.188998068641844 -47.047196838002
0.200587431097841 -47.4218543906568
0.218420180614747 -47.8796838810255
0.236252930131654 -48.2132393224175
0.254085679648561 -48.4406356910308
0.271918429165468 -48.5770865033293
0.289751178682374 -48.6348249116203
0.307583928199281 -48.6236675850286
0.325416677716188 -48.5513659206182
0.343249427233094 -48.4239550741946
0.361082176750001 -48.2460055044946
0.378914926266908 -48.0208306410273
0.407793594219667 -47.561099483951
0.436672262172426 -46.9866860829567
0.465550930125185 -46.2966985077749
0.494429598077944 -45.4835846128022
0.523308266030703 -44.5346582124832
0.552186933983462 -43.4316328943785
0.581065601936221 -42.1504243624118
0.60994426988898 -40.6593561693231
0.638822937841739 -38.9174868702815
0.667701605794498 -36.8725075791527
0.696580273747257 -34.4581363164815
0.725458941700016 -31.591338776716
0.754337609652775 -28.1702718208671
0.783216277605533 -24.0746367049549
0.812094945558292 -19.1731274997239
0.840973613511051 -13.3484394455971
0.859196332346249 -9.16334274372304
0.877419051181446 -4.59163385116109
0.895641770016644 0.322546327511071
0.913864488851841 5.49435530480313
0.932087207687039 10.7920203265046
0.950309926522236 16.0402759734474
0.968532645357433 21.0387655535076
0.98089419421391 24.1854579575381
0.993255743070387 27.0750248626356
1.00561729192686 29.6689254468716
1.01797884078334 31.9429235184076
1.03034038963982 33.8882344426219
1.04270193849629 35.5107298575859
1.05506348735277 36.828443515746
1.06742503620925 37.8681512789712
1.07978658506572 38.6617684703823
1.0921481339222 39.2431215991736
1.10450968277868 39.6453816875461
1.11687123163515 39.8992277764978
1.12923278049163 40.0317474788319
1.14159432934811 40.0659643579426
1.15395587820458 40.0208441366805
1.16631742706106 39.9116159563359
1.1869302558173 39.6186278448935
1.20754308457353 39.2198813088437
1.22815591332977 38.7397162066301
1.24876874208601 38.194392467275
1.26938157084224 37.5952109133088
1.28999439959848 36.9496180437397
1.31060722835472 36.2624002091107
1.33122005711095 35.5370959584338
1.35183288586719 34.7767965392298
1.37244571462343 33.984296780819
1.40650919182989 32.610400606626
1.46435300640522 30.1195986506385
1.52219682098056 27.4574906276783
1.55597971935261 25.8455593023576
1.57793692240655 24.7825435633543
1.59989412546048 23.7045287669448
1.62185132851441 22.6122761756345
1.64380853156834 21.5090367748767
1.66576573462227 20.3974794520784
1.68772293767621 19.2788632162319
1.70968014073014 18.1540868853299
1.74274823770406 16.4515762311168
1.77581633467799 14.7423196860823
1.80888443165191 13.0300768131448
1.8720428794889 9.76205569666695
1.93520132732589 6.5131766746385
1.99835977516289 3.29580428799782
2.06151822299988 0.12042486873781
2.12467667083687 -3.00589413778624
2.18783511867386 -6.07974698820833
2.25099356651086 -9.09984680719862
2.31415201434785 -12.0664000265292
2.37731046218484 -14.9813628424541
2.47962908275956 -19.6067170356929
2.58194770333428 -24.1346165332261
2.65044404985418 -27.1378459283933
2.71894039637407 -30.145670234075
2.78743674289397 -33.1851683326131
2.85593308941386 -36.2943796429202
2.92442943593376 -39.5263020161782
2.99292578245365 -42.9458402705942
3.06142212897355 -46.621608582358
3.12991847549344 -50.606496890111
3.17188861418575 -53.2066064658335
3.21385875287806 -55.9102007862095
3.25582889157037 -58.6821974955218
3.29779903026268 -61.4641346197041
3.33976916895499 -64.1676651873087
3.38173930764729 -66.6901084678008
3.4237094463396 -68.9322449226799
3.45149679814772 -70.2265390470632
3.47928414995584 -71.3580800927224
3.50707150176395 -72.3257272351112
3.54949672440139 -73.5033285264122
3.59192194703883 -74.3640896175477
3.62145908547352 -74.8119679942865
3.65099622390822 -75.1604086531439
3.68053336234291 -75.4282214806704
3.7100705007776 -75.631825700787
3.75986837095987 -75.8676201507027
3.85361082473857 -76.0893953752912
3.90761429046432 -76.143914556987
3.96161775619006 -76.1693397159096
4.01562122191581 -76.1765089362939
4.06962468764156 -76.1726291834292
4.1236281533673 -76.1623505988593
4.17763161909305 -76.1481518678646
4.2316350848188 -76.1311436557833
4.28563855054454 -76.1120046828973
4.33964201627029 -76.0913661295535
4.4785136204284 -76.0333832352559
4.6173852245865 -75.9718534477001
4.7562568287446 -75.9071907375376
4.89512843290271 -75.8381465628117
5 -75.7827054376876

Cell[1]
0 -65
0.000789381633456383 -64.9990497123769
0.00157876326691277 -64.9971771743052
0.00342244284902363 -64.9895173335875
0.0052661224311345 -64.9775222175834
0.00710980201324537 -64.9609195066866
0.0102719643529593 -64.9216931900214
0.0203499042117935 -64.7124483644303
0.0254490821013618 -64.5588595907856
0.0305482599909301 -64.3759709717276
0.0356474378804983 -64.1654784793947
0.0433766473847931 -63.7972883871811
0.0511058568890878 -63.3740718031552
0.0588350663933826 -62.9006339454685
0.071484206328994 -62.0287576088044
0.0841333462646055 -61.0512288380068
0.0967824862002169 -59.9826683299664
0.0999999999999978 -59.6980272087797
0.100000000000001 -59.6980272087797
0.100956394126125 -59.6136152037339
0.101912788252249 -59.5301267030328
0.10415412797542 -59.3377663715203
0.10639546769859 -59.1497456651342
0.108636807421761 -58.9663164034942
0.112540819076527 -58.6577211884882
0.124586663363456 -57.7853087015569
0.130515326945535 -57.3989656226858
0.136443990527615 -57.0379946159029
0.142372654109694 -56.7006078233091
0.148301317691773 -56.3851382694293
0.154229981273852 -56.0900307769699
0.16581934372985 -55.5661527947673
0.177408706185847 -55.1050283551777
0.188998068641844 -54.6979929119916
0.200587431097841 -54.3368891009796
0.218420180614747 -53.8552512594051
0.236252930131654 -53.4440474302861
0.254085679648561 -53.0854406124647
0.271918429165468 -52.7646107610903
0.289751178682374 -52.4694837947543
0.307583928199281 -52.1901070681361
0.325416677716188 -51.9182616647038
0.343249427233094 -51.6470681308575
0.361082176750001 -51.3706805701474
0.378914926266908 -51.0841227858137
0.407793594219667 -50.5876030531616
0.436672262172426 -50.0371552844409
0.465550930125185 -49.4179079268669
0.494429598077944 -48.7154416514581
0.523308266030703 -47.9142210008376
0.552186933983462 -46.9968035448429
0.581065601936221 -45.9419117058538
0.60994426988898 -44.7231738154863
0.638822937841739 -43.3071774214581
0.667701605794498 -41.6515678898061
0.696580273747257 -39.7019076667663
0.725458941700016 -37.3879693493049
0.754337609652775 -34.6192310956234
0.783216277605533 -31.2803772227546
0.812094945558292 -27.2278655453801
0.840973613511051 -22.2938708241035
0.859196332346249 -18.6457834817662
0.877419051181446 -14.536197684669
0.895641770016644 -9.94269960926981
0.913864488851841 -4.87029242431108
0.932087207687039 0.629777349185746
0.950309926522236 6.44246896239399
0.968532645357433 12.3810092959495
0.98089419421391 16.3565535092862
0.993255743070387 20.1891953265594
1.00561729192686 23.79325591153
1.01797884078334 27.0931077991163
1.03034038963982 30.0309811496829
1.04270193849629 32.5721725047777
1.05506348735277 34.7066861063126
1.06742503620925 36.4472442123056
1.07978658506572 37.8243713830486
1.0921481339222 38.8800548686762
1.10450968277868 39.6614037024079
1.11687123163515 40.2154057298874
1.12923278049163 40.58530188447
1.14159432934811 40.8085722280971
1.15395587820458 40.916249394802
1.16631742706106 40.9331231399707
1.1869302558173 40.8101017614078
1.20754308457353 40.5494819874002
1.22815591332977 40.1884803996094
1.24876874208601 39.7499399782607
1.26938157084224 39.2488513316744
1.28999439959848 38.6949256149007
1.31060722835472 38.0943180944502
1.33122005711095 37.4512583849731
1.35183288586719 36.7691417994533
1.37244571462343 36.0508980883208
1.40650919182989 34.7914071127624
1.46435300640522 32.4723972150681
1.52219682098056 29.951987427489
1.55597971935261 28.4115927147928
1.57793692240655 27.3915583851465
1.59989412546048 26.3522756612517
1.62185132851441 25.2944209460773
1.64380853156834 24.2218599359407
1.66576573462227 23.1378209184404
1.68772293767621 22.0437690095659
1.70968014073014 20.9406020229326
1.74274823770406 19.2651554874469
1.77581633467799 17.5768093415654
1.80888443165191 15.8797534576231
1.8720428794889 12.6265219188806
1.93520132732589 9.37674606878838
1.99835977516289 6.14488468757635
2.06151822299988 2.94449506516016
2.12467667083687 -0.215606662323121
2.18783511867386 -3.32999692312657
2.25099356651086 -6.39563493397764
2.31415201434785 -9.4113862433335
2.37731046218484 -12.3780853665078
2.47962908275956 -17.0890999905613
2.58194770333428 -21.6999674213607
2.65044404985418 -24.7548835070719
2.71894039637407 -27.8081816568967
2.78743674289397 -30.8833425791811
2.85593308941386 -34.0164638660769
2.92442943593376 -37.2599240989971
2.99292578245365 -40.6837768012345
3.06142212897355 -44.3646018776019
3.12991847549344 -48.3813819473201
3.17188861418575 -51.0302936609414
3.21385875287806 -53.8188823749903
3.25582889157037 -56.7233272701935
3.29779903026268 -59.6947391942288
3.33976916895499 -62.6444082389384
3.38173930764729 -65.4550442786237
3.4237094463396 -67.9998379704735
3.45149679814772 -69.4840819643777
3.47928414995584 -70.7863777692281
3.50707150176395 -71.8998412615774
3.54949672440139 -73.2480516287192
3.59192194703883 -74.2217246387767
3.62145908547352 -74.7214739007772
3.65099622390822 -75.1053326560074
3.68053336234291 -75.3965583329706
3.7100705007776 -75.6152078155612
3.75986837095987 -75.8647439618813
3.85361082473857 -76.095668247233
3.90761429046432 -76.1508886124763
3.96161775619006 -76.1760291453182
4.01562122191581 -76.1829226102427
4.06962468764156 -76.1790053262911
4.1236281533673 -76.1687948403669
4.17763161909305 -76.1546213566632
4.2316350848188 -76.1375716491926
4.28563855054454 -76.1183760500072
4.33964201627029 -76.0977150447606
4.4785136204284 -76.0397695490698
4.6173852245865 -75.9782138928921
4.7562568287446 -75.913727620982
4.89512843290271 -75.8446871657926
5 -75.7893618723523
