fixed step
-65	-65	-65	-65	-65	
-65	-65	-65	-65	-65	
-65	-65	-65	-65	-65	
-65	-65	-65	-65	-65	
-65	-65	-65	-65	-65	
-65	-65	-65	-65	-65	
-65	-65	-65	-65	-65	
-65	-65	-65	-65	-65	
-65	-64.0625	-62.1875	-60.3125	-58.4375	
-56.5625	-54.6875	-52.8125	-50.9375	-49.0625	
-47.1875	-45.3125	-43.4375	-41.5625	-39.6875	
-37.8125	-35.9375	-34.0625	-32.1875	-30.3125	
-28.4375	-26.5625	-24.6875	-22.8125	-20.9375	
-19.0625	-17.1875	-15.3125	-13.4375	-11.5625	
-9.6875	-7.8125	-5.9375	-4.0625	-2.1875	
-0.3125	1.5625	3.4375	5.3125	7.1875	
9.0625	10	10	10	10	
10	10	10	10	10	
10	10	10	10	10	
10	10	10	10	10	
10	10	10	10	10	
10	10	10	10	10	
10	10	10	10	10	
10	10	10	10	10	
10	10	10	10	10	
10	10	10	10	10	
10	10	10	10	10	
10	10	10	10	10	
10	10	10	10	10	
10	10	10	10	10	
10	10	10	10	10	
10	10	10	10	10	
10	10	10	10	10	
10	10	10	10	10	
10	10	10	10	10	
10	10	10	10	10	
10	10	10	10	10	
10	10	10	10	10	
10	10	10	10	10	
10	10	10	10	10	
10	
cvode
-65	-65	-65	-65	-65	
-65	-65	-65	-65	-65	
-65	-64.9999	-64.9995	-64.9949	-64.9495	
-64.4949	-59.9494	-14.4938	10	10	
10	10	10	10	10	
10	10	10	10	
